"../../../Engine/Content/EngineMeshes/Humanoid.uasset" 0
"../../../../../../Users/Bruce/source/repos/UnrealFPS/Content/AnimStarterPack/UE4_Mannequin/Mesh/UE4_Mannequin_Skeleton.uasset" 1
"../../../../../../Users/Bruce/source/repos/UnrealFPS/Content/AnimStarterPack/Aim_Space_Hip.uasset" 2
"../../../../../../Users/Bruce/source/repos/UnrealFPS/Content/AnimStarterPack/Aim_Space_Ironsights.uasset" 3
"../../../../../../Users/Bruce/source/repos/UnrealFPS/Content/AnimStarterPack/Crouch_to_Stand_Rifle_Hip.uasset" 4
"../../../../../../Users/Bruce/source/repos/UnrealFPS/Content/AnimStarterPack/Crouch_to_Stand_Rifle_Ironsights.uasset" 5
"../../../../../../Users/Bruce/source/repos/UnrealFPS/Content/AnimStarterPack/Crouch_Walk_Bwd_Rifle_Ironsights.uasset" 6
"../../../../../../Users/Bruce/source/repos/UnrealFPS/Content/AnimStarterPack/Crouch_Walk_Lt_Rifle_Ironsights.uasset" 7
"../../../../../../Users/Bruce/source/repos/UnrealFPS/Content/AnimStarterPack/Crouch_Walk_Rt_Rifle_Ironsights.uasset" 8
"../../../../../../Users/Bruce/source/repos/UnrealFPS/Content/AnimStarterPack/Death_1.uasset" 9
"../../../../../../Users/Bruce/source/repos/UnrealFPS/Content/AnimStarterPack/Death_2.uasset" 10
"../../../../../../Users/Bruce/source/repos/UnrealFPS/Content/AnimStarterPack/Death_3.uasset" 11
"../../../../../../Users/Bruce/source/repos/UnrealFPS/Content/AnimStarterPack/Death_Ironsights_1.uasset" 12
"../../../../../../Users/Bruce/source/repos/UnrealFPS/Content/AnimStarterPack/Death_Ironsights_2.uasset" 13
"../../../../../../Users/Bruce/source/repos/UnrealFPS/Content/AnimStarterPack/Equip_Rifle_Standing.uasset" 14
"../../../../../../Users/Bruce/source/repos/UnrealFPS/Content/AnimStarterPack/Fire_Rifle_Hip.uasset" 15
"../../../../../../Users/Bruce/source/repos/UnrealFPS/Content/AnimStarterPack/Fire_Shotgun_Hip.uasset" 16
"../../../../../../Users/Bruce/source/repos/UnrealFPS/Content/AnimStarterPack/Fire_Shotgun_Ironsights.uasset" 17
"../../../../../../Users/Bruce/source/repos/UnrealFPS/Content/AnimStarterPack/Hit_React_4.uasset" 18
"../../../../../../Users/Bruce/source/repos/UnrealFPS/Content/AnimStarterPack/Idle_Pistol.uasset" 19
"../../../../../../Users/Bruce/source/repos/UnrealFPS/Content/AnimStarterPack/Idle_Rifle_Ironsights.uasset" 20
"../../../../../../Users/Bruce/source/repos/UnrealFPS/Content/AnimStarterPack/Jump_From_Stand_Ironsights.uasset" 21
"../../../../../../Users/Bruce/source/repos/UnrealFPS/Content/AnimStarterPack/Prone_Death_1.uasset" 22
"../../../../../../Users/Bruce/source/repos/UnrealFPS/Content/AnimStarterPack/Prone_Death_2.uasset" 23
"../../../../../../Users/Bruce/source/repos/UnrealFPS/Content/AnimStarterPack/Prone_Fire_1.uasset" 24
"../../../../../../Users/Bruce/source/repos/UnrealFPS/Content/AnimStarterPack/Prone_Fire_2.uasset" 25
"../../../../../../Users/Bruce/source/repos/UnrealFPS/Content/AnimStarterPack/Prone_Idle.uasset" 26
"../../../../../../Users/Bruce/source/repos/UnrealFPS/Content/AnimStarterPack/Prone_Reload_Rifle.uasset" 27
"../../../../../../Users/Bruce/source/repos/UnrealFPS/Content/AnimStarterPack/Prone_Reload_Shotgun.uasset" 28
"../../../../../../Users/Bruce/source/repos/UnrealFPS/Content/AnimStarterPack/Prone_To_Stand.uasset" 29
"../../../../../../Users/Bruce/source/repos/UnrealFPS/Content/AnimStarterPack/Reload_Pistol.uasset" 30
"../../../../../../Users/Bruce/source/repos/UnrealFPS/Content/AnimStarterPack/Reload_Rifle_Ironsights.uasset" 31
"../../../../../../Users/Bruce/source/repos/UnrealFPS/Content/AnimStarterPack/Reload_Shotgun_Hip.uasset" 32
"../../../../../../Users/Bruce/source/repos/UnrealFPS/Content/AnimStarterPack/Reload_Shotgun_Ironsights.uasset" 33
"../../../../../../Users/Bruce/source/repos/UnrealFPS/Content/AnimStarterPack/Sprint_Fwd_Rifle.uasset" 34
"../../../../../../Users/Bruce/source/repos/UnrealFPS/Content/AnimStarterPack/Stand_to_Crouch_Rifle_Hip.uasset" 35
"../../../../../../Users/Bruce/source/repos/UnrealFPS/Content/AnimStarterPack/Stand_to_Crouch_Rifle_Ironsights.uasset" 36
"../../../../../../Users/Bruce/source/repos/UnrealFPS/Content/AnimStarterPack/Stand_To_Prone.uasset" 37
"../../../../../../Users/Bruce/source/repos/UnrealFPS/Content/AnimStarterPack/Walk_Bwd_Rifle_Ironsights.uasset" 38
"../../../../../../Users/Bruce/source/repos/UnrealFPS/Content/AnimStarterPack/Walk_Lt_Rifle_Ironsights.uasset" 39
"../../../../../../Users/Bruce/source/repos/UnrealFPS/Content/AnimStarterPack/Walk_Rt_Rifle_Ironsights.uasset" 40
"../../../../../../Users/Bruce/source/repos/UnrealFPS/Content/Mannequin/Character/Mesh/UE4_Mannequin_Skeleton.uasset" 41
"../../../../../../Users/Bruce/source/repos/UnrealFPS/Content/Mannequin/Animations/ThirdPersonJump_End.uasset" 42
"../../../../../../Users/Bruce/source/repos/UnrealFPS/Content/Mannequin/Animations/ThirdPerson_Jump.uasset" 43
"../../../../../../Users/Bruce/source/repos/UnrealFPS/Content/Mannequin/Animations/ThirdPersonJump_Loop.uasset" 44
"../../../../../../Users/Bruce/source/repos/UnrealFPS/Content/Mannequin/Animations/ThirdPersonJump_Start.uasset" 45
"../../../../../../Users/Bruce/source/repos/UnrealFPS/Content/Mannequin/Animations/ThirdPersonIdle.uasset" 46
"../../../../../../Users/Bruce/source/repos/UnrealFPS/Content/Mannequin/Animations/ThirdPersonRun.uasset" 47
"../../../../../../Users/Bruce/source/repos/UnrealFPS/Content/Mannequin/Animations/ThirdPersonWalk.uasset" 48
"../../../../../../Users/Bruce/source/repos/UnrealFPS/Content/Mannequin/Animations/ThirdPerson_IdleRun_2D.uasset" 49
"../../../Engine/Content/EditorBlueprintResources/StandardMacros.uasset" 50
"../../../../../../Users/Bruce/source/repos/UnrealFPS/Content/Mannequin/Animations/ThirdPerson_AnimBP.uasset" 51
"../../../Engine/Content/Functions/Engine_MaterialFunctions02/Utility/BlendAngleCorrectedNormals.uasset" 52
"../../../Engine/Content/Functions/MaterialLayerFunctions/MatLayerBlend_NormalBlend.uasset" 53
"../../../Engine/Content/Functions/MaterialLayerFunctions/MatLayerBlend_Simple.uasset" 54
"../../../../../../Users/Bruce/source/repos/UnrealFPS/Content/Mannequin/Character/Materials/MaterialLayers/T_ML_Rubber_Blue_01_D.uasset" 55
"../../../../../../Users/Bruce/source/repos/UnrealFPS/Content/Mannequin/Character/Materials/MaterialLayers/T_ML_Rubber_Blue_01_N.uasset" 56
"../../../../../../Users/Bruce/source/repos/UnrealFPS/Content/Mannequin/Character/Materials/MaterialLayers/ML_GlossyBlack_Latex_UE4.uasset" 57
"../../../../../../Users/Bruce/source/repos/UnrealFPS/Content/Mannequin/Character/Materials/MaterialLayers/ML_Plastic_Shiny_Beige.uasset" 58
"../../../../../../Users/Bruce/source/repos/UnrealFPS/Content/Mannequin/Character/Textures/UE4_LOGO_CARD.uasset" 59
"../../../../../../Users/Bruce/source/repos/UnrealFPS/Content/Mannequin/Character/Materials/MaterialLayers/ML_Plastic_Shiny_Beige_LOGO.uasset" 60
"../../../../../../Users/Bruce/source/repos/UnrealFPS/Content/Mannequin/Character/Materials/MaterialLayers/T_ML_Aluminum01.uasset" 61
"../../../../../../Users/Bruce/source/repos/UnrealFPS/Content/Mannequin/Character/Materials/MaterialLayers/T_ML_Aluminum01_N.uasset" 62
"../../../../../../Users/Bruce/source/repos/UnrealFPS/Content/Mannequin/Character/Materials/MaterialLayers/ML_SoftMetal_UE4.uasset" 63
"../../../../../../Users/Bruce/source/repos/UnrealFPS/Content/Mannequin/Character/Textures/UE4_Mannequin__normals.uasset" 64
"../../../../../../Users/Bruce/source/repos/UnrealFPS/Content/Mannequin/Character/Textures/UE4_Mannequin_MAT_MASKA.uasset" 65
"../../../../../../Users/Bruce/source/repos/UnrealFPS/Content/Mannequin/Character/Materials/M_UE4Man_Body.uasset" 66
"../../../../../../Users/Bruce/source/repos/UnrealFPS/Content/Mannequin/Character/Textures/UE4Man_Logo_N.uasset" 67
"../../../../../../Users/Bruce/source/repos/UnrealFPS/Content/Mannequin/Character/Materials/M_UE4Man_ChestLogo.uasset" 68
"../../../../../../Users/Bruce/source/repos/UnrealFPS/Content/Mannequin/Character/Mesh/SK_Mannequin_PhysicsAsset.uasset" 69
"../../../../../../Users/Bruce/source/repos/UnrealFPS/Content/Mannequin/Character/Mesh/SK_Mannequin.uasset" 70
"../../../../../../Users/Bruce/source/repos/UnrealFPS/Content/StarterContent/Materials/M_Basic_Wall.uasset" 71
"../../../../../../Users/Bruce/source/repos/UnrealFPS/Content/StarterContent/Architecture/Pillar_50x500.uasset" 72
"../../../../../../Users/Bruce/source/repos/UnrealFPS/Content/StarterContent/Architecture/Wall_400x300.uasset" 73
"../../../../../../Users/Bruce/source/repos/UnrealFPS/Content/StarterContent/Architecture/Wall_400x400.uasset" 74
"../../../../../../Users/Bruce/source/repos/UnrealFPS/Content/StarterContent/Architecture/Wall_500x500.uasset" 75
"../../../../../../Users/Bruce/source/repos/UnrealFPS/Content/StarterContent/Architecture/Wall_Door_400x400.uasset" 76
"../../../../../../Users/Bruce/source/repos/UnrealFPS/Content/StarterContent/Architecture/Wall_Window_400x400.uasset" 77
"../../../../../../Users/Bruce/source/repos/UnrealFPS/Content/StarterContent/Audio/Collapse01.uasset" 78
"../../../../../../Users/Bruce/source/repos/UnrealFPS/Content/StarterContent/Audio/Collapse02.uasset" 79
"../../../../../../Users/Bruce/source/repos/UnrealFPS/Content/StarterContent/Audio/Explosion02.uasset" 80
"../../../../../../Users/Bruce/source/repos/UnrealFPS/Content/StarterContent/Audio/Fire01.uasset" 81
"../../../../../../Users/Bruce/source/repos/UnrealFPS/Content/StarterContent/Audio/Fire_Sparks01.uasset" 82
"../../../../../../Users/Bruce/source/repos/UnrealFPS/Content/StarterContent/Audio/Light01.uasset" 83
"../../../../../../Users/Bruce/source/repos/UnrealFPS/Content/StarterContent/Audio/Light01_Cue.uasset" 84
"../../../../../../Users/Bruce/source/repos/UnrealFPS/Content/StarterContent/Audio/Light02.uasset" 85
"../../../../../../Users/Bruce/source/repos/UnrealFPS/Content/StarterContent/Audio/Light02_Cue.uasset" 86
"../../../../../../Users/Bruce/source/repos/UnrealFPS/Content/StarterContent/Audio/Smoke01.uasset" 87
"../../../../../../Users/Bruce/source/repos/UnrealFPS/Content/StarterContent/Audio/Starter_Birds01.uasset" 88
"../../../../../../Users/Bruce/source/repos/UnrealFPS/Content/StarterContent/Audio/Starter_Music01.uasset" 89
"../../../../../../Users/Bruce/source/repos/UnrealFPS/Content/StarterContent/Audio/Starter_Wind05.uasset" 90
"../../../../../../Users/Bruce/source/repos/UnrealFPS/Content/StarterContent/Audio/Starter_Wind06.uasset" 91
"../../../../../../Users/Bruce/source/repos/UnrealFPS/Content/StarterContent/Audio/Steam01.uasset" 92
"../../../../../../Users/Bruce/source/repos/UnrealFPS/Content/StarterContent/Audio/Explosion_Cue.uasset" 93
"../../../../../../Users/Bruce/source/repos/UnrealFPS/Content/StarterContent/Textures/T_Burst_M.uasset" 94
"../../../../../../Users/Bruce/source/repos/UnrealFPS/Content/StarterContent/Particles/Materials/M_Burst.uasset" 95
"../../../../../../Users/Bruce/source/repos/UnrealFPS/Content/StarterContent/Textures/T_Explosion_SubUV.uasset" 96
"../../../../../../Users/Bruce/source/repos/UnrealFPS/Content/StarterContent/Particles/Materials/M_explosion_subUV.uasset" 97
"../../../../../../Users/Bruce/source/repos/UnrealFPS/Content/StarterContent/Particles/Materials/m_flare_01.uasset" 98
"../../../Engine/Content/Functions/Engine_MaterialFunctions01/Gradient/RadialGradient.uasset" 99
"../../../../../../Users/Bruce/source/repos/UnrealFPS/Content/StarterContent/Particles/Materials/M_radial_ramp.uasset" 100
"../../../../../../Users/Bruce/source/repos/UnrealFPS/Content/StarterContent/Textures/T_Smoke_SubUV.uasset" 101
"../../../../../../Users/Bruce/source/repos/UnrealFPS/Content/StarterContent/Textures/T_Smoke_Tiled_D.uasset" 102
"../../../../../../Users/Bruce/source/repos/UnrealFPS/Content/StarterContent/Particles/Materials/M_smoke_subUV.uasset" 103
"../../../../../../Users/Bruce/source/repos/UnrealFPS/Content/StarterContent/Particles/P_Explosion.uasset" 104
"../../../../../../Users/Bruce/source/repos/UnrealFPS/Content/StarterContent/Blueprints/Blueprint_Effect_Explosion.uasset" 105
"../../../Engine/Content/EditorMeshes/ColorCalibrator/T_ColorGrid.uasset" 106
"../../../../../../Users/Bruce/source/repos/UnrealFPS/Content/StarterContent/Materials/M_ColorGrid_LowSpec.uasset" 107
"../../../../../../Users/Bruce/source/repos/UnrealFPS/Content/StarterContent/Textures/T_Bush_D.uasset" 108
"../../../../../../Users/Bruce/source/repos/UnrealFPS/Content/StarterContent/Textures/T_Bush_N.uasset" 109
"../../../../../../Users/Bruce/source/repos/UnrealFPS/Content/StarterContent/Props/Materials/M_Bush.uasset" 110
"../../../../../../Users/Bruce/source/repos/UnrealFPS/Content/StarterContent/Props/SM_Bush.uasset" 111
"../../../../../../Users/Bruce/source/repos/UnrealFPS/Content/StarterContent/Textures/T_Chair_M.uasset" 112
"../../../../../../Users/Bruce/source/repos/UnrealFPS/Content/StarterContent/Textures/T_Chair_N.uasset" 113
"../../../../../../Users/Bruce/source/repos/UnrealFPS/Content/StarterContent/Props/Materials/M_Chair.uasset" 114
"../../../../../../Users/Bruce/source/repos/UnrealFPS/Content/StarterContent/Props/SM_Couch.uasset" 115
"../../../../../../Users/Bruce/source/repos/UnrealFPS/Content/StarterContent/Materials/M_Glass.uasset" 116
"../../../../../../Users/Bruce/source/repos/UnrealFPS/Content/StarterContent/Textures/T_Door_M.uasset" 117
"../../../../../../Users/Bruce/source/repos/UnrealFPS/Content/StarterContent/Textures/T_Door_N.uasset" 118
"../../../../../../Users/Bruce/source/repos/UnrealFPS/Content/StarterContent/Props/Materials/M_Door.uasset" 119
"../../../../../../Users/Bruce/source/repos/UnrealFPS/Content/StarterContent/Props/SM_Door.uasset" 120
"../../../../../../Users/Bruce/source/repos/UnrealFPS/Content/StarterContent/Props/Materials/M_MaterialSphere.uasset" 121
"../../../../../../Users/Bruce/source/repos/UnrealFPS/Content/StarterContent/Props/Materials/M_MaterialSphere_Plain.uasset" 122
"../../../../../../Users/Bruce/source/repos/UnrealFPS/Content/StarterContent/Props/SM_MatPreviewMesh_02.uasset" 123
"../../../../../../Users/Bruce/source/repos/UnrealFPS/Content/StarterContent/Textures/T_Detail_Rocky_N.uasset" 124
"../../../../../../Users/Bruce/source/repos/UnrealFPS/Content/StarterContent/Textures/T_Rock_Basalt_D.uasset" 125
"../../../../../../Users/Bruce/source/repos/UnrealFPS/Content/StarterContent/Textures/T_RockMesh_M.uasset" 126
"../../../../../../Users/Bruce/source/repos/UnrealFPS/Content/StarterContent/Textures/T_RockMesh_N.uasset" 127
"../../../../../../Users/Bruce/source/repos/UnrealFPS/Content/StarterContent/Props/Materials/M_Rock.uasset" 128
"../../../../../../Users/Bruce/source/repos/UnrealFPS/Content/StarterContent/Props/SM_Rock.uasset" 129
"../../../../../../Users/Bruce/source/repos/UnrealFPS/Content/StarterContent/Textures/T_Shelf_M.uasset" 130
"../../../../../../Users/Bruce/source/repos/UnrealFPS/Content/StarterContent/Textures/T_Shelf_N.uasset" 131
"../../../../../../Users/Bruce/source/repos/UnrealFPS/Content/StarterContent/Props/Materials/M_Shelf.uasset" 132
"../../../../../../Users/Bruce/source/repos/UnrealFPS/Content/StarterContent/Props/SM_Shelf.uasset" 133
"../../../../../../Users/Bruce/source/repos/UnrealFPS/Content/StarterContent/Materials/M_Basic_Floor.uasset" 134
"../../../../../../Users/Bruce/source/repos/UnrealFPS/Content/StarterContent/Props/SM_Stairs.uasset" 135
"../../../../../../Users/Bruce/source/repos/UnrealFPS/Content/StarterContent/Shapes/Shape_Cone.uasset" 136
"../../../../../../Users/Bruce/source/repos/UnrealFPS/Content/StarterContent/Shapes/Shape_Cylinder.uasset" 137
"../../../../../../Users/Bruce/source/repos/UnrealFPS/Content/StarterContent/Shapes/Shape_Pipe.uasset" 138
"../../../../../../Users/Bruce/source/repos/UnrealFPS/Content/StarterContent/Shapes/Shape_Pipe_180.uasset" 139
"../../../../../../Users/Bruce/source/repos/UnrealFPS/Content/StarterContent/Shapes/Shape_Pipe_90.uasset" 140
"../../../../../../Users/Bruce/source/repos/UnrealFPS/Content/StarterContent/Shapes/Shape_Plane.uasset" 141
"../../../../../../Users/Bruce/source/repos/UnrealFPS/Content/StarterContent/Shapes/Shape_Torus.uasset" 142
"../../../../../../Users/Bruce/source/repos/UnrealFPS/Content/StarterContent/Shapes/Shape_Trim.uasset" 143
"../../../../../../Users/Bruce/source/repos/UnrealFPS/Content/StarterContent/Shapes/Shape_Trim_90_In.uasset" 144
"../../../../../../Users/Bruce/source/repos/UnrealFPS/Content/StarterContent/Shapes/Shape_Trim_90_Out.uasset" 145
"../../../../../../Users/Bruce/source/repos/UnrealFPS/Content/StarterContent/Shapes/Shape_TriPyramid.uasset" 146
"../../../../../../Users/Bruce/source/repos/UnrealFPS/Content/StarterContent/Shapes/Shape_Tube.uasset" 147
"../../../../../../Users/Bruce/source/repos/UnrealFPS/Content/StarterContent/Shapes/Shape_Wedge_A.uasset" 148
"../../../../../../Users/Bruce/source/repos/UnrealFPS/Content/StarterContent/Shapes/Shape_Wedge_B.uasset" 149
"../../../../../../Users/Bruce/source/repos/UnrealFPS/Content/StarterContent/Shapes/Shape_WideCapsule.uasset" 150
"../../../../../../Users/Bruce/source/repos/UnrealFPS/Content/ThirdPersonBP/Blueprints/Character/Swat_Skeleton.uasset" 151
"../../../../../../Users/Bruce/source/repos/UnrealFPS/Content/__ADDONS/RetargetedAnim/Fire_Rifle_Ironsights.uasset" 152
"../../../../../../Users/Bruce/source/repos/UnrealFPS/Content/__ADDONS/RetargetedAnim/Idle_Rifle_Ironsights.uasset" 153
"../../../../../../Users/Bruce/source/repos/UnrealFPS/Content/__ADDONS/RetargetedAnim/Prone_Fire_1.uasset" 154
"../../../../../../Users/Bruce/source/repos/UnrealFPS/Content/__ADDONS/RetargetedAnim/Prone_Idle.uasset" 155
"../../../../../../Users/Bruce/source/repos/UnrealFPS/Content/__ADDONS/RetargetedAnim/Prone_Reload_Rifle.uasset" 156
"../../../../../../Users/Bruce/source/repos/UnrealFPS/Content/__ADDONS/RetargetedAnim/Reload_Rifle_Ironsights.uasset" 157
"../../../../../../Users/Bruce/source/repos/UnrealFPS/Content/ThirdPersonBP/Blueprints/Character/Animations/idle.uasset" 158
"../../../../../../Users/Bruce/source/repos/UnrealFPS/Content/__ADDONS/RetargetedAnim/Crouch_Walk_Bwd_Rifle_Hip.uasset" 159
"../../../../../../Users/Bruce/source/repos/UnrealFPS/Content/__ADDONS/RetargetedAnim/Crouch_Walk_Fwd_Rifle_Hip.uasset" 160
"../../../../../../Users/Bruce/source/repos/UnrealFPS/Content/__ADDONS/RetargetedAnim/Crouch_Walk_Lt_Rifle_Hip.uasset" 161
"../../../../../../Users/Bruce/source/repos/UnrealFPS/Content/__ADDONS/RetargetedAnim/Crouch_Walk_Rt_Rifle_Hip.uasset" 162
"../../../../../../Users/Bruce/source/repos/UnrealFPS/Content/__ADDONS/RetargetedAnim/SWAT_BS_CrouchWalk.uasset" 163
"../../../../../../Users/Bruce/source/repos/UnrealFPS/Content/__ADDONS/RetargetedAnim/Jog_Bwd_Rifle.uasset" 164
"../../../../../../Users/Bruce/source/repos/UnrealFPS/Content/__ADDONS/RetargetedAnim/Jog_Fwd_Rifle.uasset" 165
"../../../../../../Users/Bruce/source/repos/UnrealFPS/Content/__ADDONS/RetargetedAnim/Jog_Lt_Rifle.uasset" 166
"../../../../../../Users/Bruce/source/repos/UnrealFPS/Content/__ADDONS/RetargetedAnim/Jog_Rt_Rifle.uasset" 167
"../../../../../../Users/Bruce/source/repos/UnrealFPS/Content/__ADDONS/RetargetedAnim/SWAT_BS_Jog.uasset" 168
"../../../../../../Users/Bruce/source/repos/UnrealFPS/Content/__ADDONS/RetargetedAnim/Sprint_Fwd_Rifle.uasset" 169
"../../../../../../Users/Bruce/source/repos/UnrealFPS/Content/ThirdPersonBP/Blueprints/Character/Animations/sprint_backward_inPlace.uasset" 170
"../../../../../../Users/Bruce/source/repos/UnrealFPS/Content/ThirdPersonBP/Blueprints/Character/Animations/sprint_forward_left_inPlace.uasset" 171
"../../../../../../Users/Bruce/source/repos/UnrealFPS/Content/ThirdPersonBP/Blueprints/Character/Animations/sprint_forward_right_inPlace.uasset" 172
"../../../../../../Users/Bruce/source/repos/UnrealFPS/Content/__ADDONS/RetargetedAnim/SWAT_Sprint_BS.uasset" 173
"../../../../../../Users/Bruce/source/repos/UnrealFPS/Content/ThirdPersonBP/Blueprints/Character/Animations/idle_crouching_aiming.uasset" 174
"../../../../../../Users/Bruce/source/repos/UnrealFPS/Content/ThirdPersonBP/Blueprints/Character/Animations/walk_crouching_backward_inPlace.uasset" 175
"../../../../../../Users/Bruce/source/repos/UnrealFPS/Content/ThirdPersonBP/Blueprints/Character/Animations/walk_crouching_backward_left_inPlace.uasset" 176
"../../../../../../Users/Bruce/source/repos/UnrealFPS/Content/ThirdPersonBP/Blueprints/Character/Animations/walk_crouching_forward_inPlace.uasset" 177
"../../../../../../Users/Bruce/source/repos/UnrealFPS/Content/ThirdPersonBP/Blueprints/Character/Animations/walk_crouching_forward_left_inPlace.uasset" 178
"../../../../../../Users/Bruce/source/repos/UnrealFPS/Content/ThirdPersonBP/Blueprints/Character/Animations/walk_crouching_forward_right_inPlace.uasset" 179
"../../../../../../Users/Bruce/source/repos/UnrealFPS/Content/ThirdPersonBP/Blueprints/Character/Crouch_BS.uasset" 180
"../../../../../../Users/Bruce/source/repos/UnrealFPS/Content/ThirdPersonBP/Blueprints/Character/Animations/run_backward_inPlace.uasset" 181
"../../../../../../Users/Bruce/source/repos/UnrealFPS/Content/ThirdPersonBP/Blueprints/Character/Animations/run_forward_inPlace.uasset" 182
"../../../../../../Users/Bruce/source/repos/UnrealFPS/Content/ThirdPersonBP/Blueprints/Character/Animations/run_forward_left_inPlace.uasset" 183
"../../../../../../Users/Bruce/source/repos/UnrealFPS/Content/ThirdPersonBP/Blueprints/Character/Animations/run_forward_right_inPlace.uasset" 184
"../../../../../../Users/Bruce/source/repos/UnrealFPS/Content/ThirdPersonBP/Blueprints/Character/Animations/sprint_forward_inPlace.uasset" 185
"../../../../../../Users/Bruce/source/repos/UnrealFPS/Content/ThirdPersonBP/Blueprints/Character/Sprint_BS.uasset" 186
"../../../../../../Users/Bruce/source/repos/UnrealFPS/Content/ThirdPersonBP/Blueprints/Character/Animations/idle_aiming.uasset" 187
"../../../../../../Users/Bruce/source/repos/UnrealFPS/Content/ThirdPersonBP/Blueprints/Character/Animations/run_left_inPlace.uasset" 188
"../../../../../../Users/Bruce/source/repos/UnrealFPS/Content/ThirdPersonBP/Blueprints/Character/Animations/run_right_inPlace.uasset" 189
"../../../../../../Users/Bruce/source/repos/UnrealFPS/Content/ThirdPersonBP/Blueprints/Character/Animations/walk_backward_inPlace.uasset" 190
"../../../../../../Users/Bruce/source/repos/UnrealFPS/Content/ThirdPersonBP/Blueprints/Character/Animations/walk_forward_inPlace.uasset" 191
"../../../../../../Users/Bruce/source/repos/UnrealFPS/Content/ThirdPersonBP/Blueprints/Character/Animations/walk_left_inPlace.uasset" 192
"../../../../../../Users/Bruce/source/repos/UnrealFPS/Content/ThirdPersonBP/Blueprints/Character/Animations/walk_right_inPlace.uasset" 193
"../../../../../../Users/Bruce/source/repos/UnrealFPS/Content/ThirdPersonBP/Blueprints/Character/WalkRun_BS.uasset" 194
"../../../../../../Users/Bruce/source/repos/UnrealFPS/Content/ThirdPersonBP/Blueprints/Character/SWAT_AnimBP.uasset" 195
"../../../../../../Users/Bruce/source/repos/UnrealFPS/Content/__ADDONS/T91/T91_Skeleton.uasset" 196
"../../../../../../Users/Bruce/source/repos/UnrealFPS/Content/__ADDONS/T91/T91_Anim_Armature_002_Dry.uasset" 197
"../../../../../../Users/Bruce/source/repos/UnrealFPS/Content/__ADDONS/T91/T91_Anim_Armature_002_Fire.uasset" 198
"../../../../../../Users/Bruce/source/repos/UnrealFPS/Content/__ADDONS/T91/T91_Anim_Armature_002_Ready.uasset" 199
"../../../../../../Users/Bruce/source/repos/UnrealFPS/Content/__ADDONS/T91/T91AminBP.uasset" 200
"../../../../../../Users/Bruce/source/repos/UnrealFPS/Content/__ADDONS/T91/175Tgt_Skeleton.uasset" 201
"../../../../../../Users/Bruce/source/repos/UnrealFPS/Content/__ADDONS/T91/175Tgt_Anim.uasset" 202
"../../../../../../Users/Bruce/source/repos/UnrealFPS/Content/__ADDONS/T91/175TgtTexture.uasset" 203
"../../../../../../Users/Bruce/source/repos/UnrealFPS/Content/__ADDONS/T91/175Tgt1.uasset" 204
"../../../../../../Users/Bruce/source/repos/UnrealFPS/Content/__ADDONS/T91/175Tgt_PhysicsAsset.uasset" 205
"../../../../../../Users/Bruce/source/repos/UnrealFPS/Content/__ADDONS/T91/175Tgt.uasset" 206
"../../../../../../Users/Bruce/source/repos/UnrealFPS/Content/__ADDONS/T91/175TgtBP.uasset" 207
"../../../../../../Users/Bruce/source/repos/UnrealFPS/Content/__ADDONS/T91/580b585b2edbce24c47b243b.uasset" 208
"../../../../../../Users/Bruce/source/repos/UnrealFPS/Content/__ADDONS/T91/BulletHole.uasset" 209
"../../../../../../Users/Bruce/source/repos/UnrealFPS/Content/__ADDONS/Materials/TracerMatBase.uasset" 210
"../../../../../../Users/Bruce/source/repos/UnrealFPS/Content/__ADDONS/Materials/RedTracer.uasset" 211
"../../../Engine/Content/Functions/Engine_MaterialFunctions01/Opacity/CameraDepthFade.uasset" 212
"../../../Engine/Content/EngineMaterials/T_Default_Material_Grid_M.uasset" 213
"../../../Engine/Content/EngineMaterials/T_Default_Material_Grid_N.uasset" 214
"../../../Engine/Content/EngineMaterials/DefaultMaterial.uasset" 215
"../../../Engine/Content/BasicShapes/Cylinder.uasset" 216
"../../../../../../Users/Bruce/source/repos/UnrealFPS/Content/__ADDONS/Gun_Smoke.uasset" 217
"../../../../../../Users/Bruce/source/repos/UnrealFPS/Content/__ADDONS/HitDust.uasset" 218
"../../../../../../Users/Bruce/source/repos/UnrealFPS/Content/__ADDONS/T91/m4a1_s.uasset" 219
"../../../../../../Users/Bruce/source/repos/UnrealFPS/Content/__ADDONS/Bullet.uasset" 220
"../../../../../../Users/Bruce/source/repos/UnrealFPS/Content/__ADDONS/Materials/GreenTracer.uasset" 221
"../../../../../../Users/Bruce/source/repos/UnrealFPS/Content/__ADDONS/BulletTracer.uasset" 222
"../../../../../../Users/Bruce/source/repos/UnrealFPS/Content/__ADDONS/T91/T91_0.uasset" 223
"../../../../../../Users/Bruce/source/repos/UnrealFPS/Content/__ADDONS/T91/Material.uasset" 224
"../../../../../../Users/Bruce/source/repos/UnrealFPS/Content/__ADDONS/T91/T91_PhysicsAsset.uasset" 225
"../../../../../../Users/Bruce/source/repos/UnrealFPS/Content/__ADDONS/T91/T91.uasset" 226
"../../../../../../Users/Bruce/source/repos/UnrealFPS/Content/__ADDONS/T91/T91rifle.uasset" 227
"../../../../../../Users/Bruce/source/repos/UnrealFPS/Content/StarterContent/Audio/Explosion01.uasset" 228
"../../../../../../Users/Bruce/source/repos/UnrealFPS/Content/StarterContent/Shapes/Shape_NarrowCapsule.uasset" 229
"../../../../../../Users/Bruce/source/repos/UnrealFPS/Content/ThirdPersonBP/Blueprints/Projectile_Base.uasset" 230
"../../../../../../Users/Bruce/source/repos/UnrealFPS/Content/ThirdPersonBP/Blueprints/Weapons/AK47/AK_diffuse.uasset" 231
"../../../../../../Users/Bruce/source/repos/UnrealFPS/Content/ThirdPersonBP/Blueprints/Weapons/AK47/AK_normal.uasset" 232
"../../../../../../Users/Bruce/source/repos/UnrealFPS/Content/ThirdPersonBP/Blueprints/Weapons/AK47/AK_specular.uasset" 233
"../../../../../../Users/Bruce/source/repos/UnrealFPS/Content/ThirdPersonBP/Blueprints/Weapons/AK47/AK47_Mat.uasset" 234
"../../../../../../Users/Bruce/source/repos/UnrealFPS/Content/ThirdPersonBP/Blueprints/Weapons/AK47/AK_PhysicsAsset.uasset" 235
"../../../../../../Users/Bruce/source/repos/UnrealFPS/Content/ThirdPersonBP/Blueprints/Weapons/AK47/AK_Skeleton.uasset" 236
"../../../../../../Users/Bruce/source/repos/UnrealFPS/Content/ThirdPersonBP/Blueprints/Weapons/AK47/AK.uasset" 237
"../../../../../../Users/Bruce/source/repos/UnrealFPS/Content/ThirdPersonBP/Blueprints/Weapons/AK47/Weapon_Base.uasset" 238
"../../../../../../Users/Bruce/source/repos/UnrealFPS/Content/ThirdPersonBP/Blueprints/Character/Soldier_Body_diffuse.uasset" 239
"../../../../../../Users/Bruce/source/repos/UnrealFPS/Content/ThirdPersonBP/Blueprints/Character/Soldier_Body_normal.uasset" 240
"../../../../../../Users/Bruce/source/repos/UnrealFPS/Content/ThirdPersonBP/Blueprints/Character/Soldier_Body_specular.uasset" 241
"../../../../../../Users/Bruce/source/repos/UnrealFPS/Content/ThirdPersonBP/Blueprints/Character/Soldier_body1.uasset" 242
"../../../../../../Users/Bruce/source/repos/UnrealFPS/Content/ThirdPersonBP/Blueprints/Character/Soldier_head_diffuse.uasset" 243
"../../../../../../Users/Bruce/source/repos/UnrealFPS/Content/ThirdPersonBP/Blueprints/Character/Soldier_head_normal.uasset" 244
"../../../../../../Users/Bruce/source/repos/UnrealFPS/Content/ThirdPersonBP/Blueprints/Character/Soldier_head_specular.uasset" 245
"../../../../../../Users/Bruce/source/repos/UnrealFPS/Content/ThirdPersonBP/Blueprints/Character/Soldier_head6.uasset" 246
"../../../../../../Users/Bruce/source/repos/UnrealFPS/Content/ThirdPersonBP/Blueprints/Character/Swat_PhysicsAsset.uasset" 247
"../../../../../../Users/Bruce/source/repos/UnrealFPS/Content/ThirdPersonBP/Blueprints/Character/Swat.uasset" 248
"../../../../../../Users/Bruce/source/repos/UnrealFPS/Content/ThirdPersonBP/Blueprints/RedVignette.uasset" 249
"../../../../../../Users/Bruce/source/repos/UnrealFPS/Content/ThirdPersonBP/Blueprints/DamageEffects.uasset" 250
"../../../../../../Users/Bruce/source/repos/UnrealFPS/Content/ThirdPersonBP/Blueprints/FPSHUD.uasset" 251
"../../../../../../Users/Bruce/source/repos/UnrealFPS/Content/ThirdPersonBP/Blueprints/ThirdPersonCharacter.uasset" 252
"../../../../../../Users/Bruce/source/repos/UnrealFPS/Content/ThirdPersonBP/Blueprints/ThirdPersonGameMode.uasset" 253
"../../../../../../Users/Bruce/source/repos/UnrealFPS/Content/ThirdPersonBP/Blueprints/Character/BoneMapping_SWATtoMannequin.uasset" 254
"../../../../../../Users/Bruce/source/repos/UnrealFPS/Content/ThirdPersonBP/Blueprints/Character/Swat_Anim.uasset" 255
"../../../../../../Users/Bruce/source/repos/UnrealFPS/Content/ThirdPersonBP/Blueprints/Character/Animations/crouching_turn_90_left.uasset" 256
"../../../../../../Users/Bruce/source/repos/UnrealFPS/Content/ThirdPersonBP/Blueprints/Character/Animations/crouching_turn_90_right.uasset" 257
"../../../../../../Users/Bruce/source/repos/UnrealFPS/Content/ThirdPersonBP/Blueprints/Character/Animations/death_crouching_headshot_front.uasset" 258
"../../../../../../Users/Bruce/source/repos/UnrealFPS/Content/ThirdPersonBP/Blueprints/Character/Animations/death_from_back_headshot.uasset" 259
"../../../../../../Users/Bruce/source/repos/UnrealFPS/Content/ThirdPersonBP/Blueprints/Character/Animations/death_from_front_headshot.uasset" 260
"../../../../../../Users/Bruce/source/repos/UnrealFPS/Content/ThirdPersonBP/Blueprints/Character/Animations/death_from_right.uasset" 261
"../../../../../../Users/Bruce/source/repos/UnrealFPS/Content/ThirdPersonBP/Blueprints/Character/Animations/death_from_the_back.uasset" 262
"../../../../../../Users/Bruce/source/repos/UnrealFPS/Content/ThirdPersonBP/Blueprints/Character/Animations/death_from_the_front.uasset" 263
"../../../../../../Users/Bruce/source/repos/UnrealFPS/Content/ThirdPersonBP/Blueprints/Character/Animations/idle_crouching.uasset" 264
"../../../../../../Users/Bruce/source/repos/UnrealFPS/Content/ThirdPersonBP/Blueprints/Character/Animations/jump_down.uasset" 265
"../../../../../../Users/Bruce/source/repos/UnrealFPS/Content/ThirdPersonBP/Blueprints/Character/Animations/jump_loop.uasset" 266
"../../../../../../Users/Bruce/source/repos/UnrealFPS/Content/ThirdPersonBP/Blueprints/Character/Animations/jump_up.uasset" 267
"../../../../../../Users/Bruce/source/repos/UnrealFPS/Content/ThirdPersonBP/Blueprints/Character/Animations/reloading_inPlace.uasset" 268
"../../../../../../Users/Bruce/source/repos/UnrealFPS/Content/ThirdPersonBP/Blueprints/Character/Animations/run_backward_left_inPlace.uasset" 269
"../../../../../../Users/Bruce/source/repos/UnrealFPS/Content/ThirdPersonBP/Blueprints/Character/Animations/run_backward_right_inPlace.uasset" 270
"../../../../../../Users/Bruce/source/repos/UnrealFPS/Content/ThirdPersonBP/Blueprints/Character/Animations/sprint_backward_left_inPlace.uasset" 271
"../../../../../../Users/Bruce/source/repos/UnrealFPS/Content/ThirdPersonBP/Blueprints/Character/Animations/sprint_backward_right_inPlace.uasset" 272
"../../../../../../Users/Bruce/source/repos/UnrealFPS/Content/ThirdPersonBP/Blueprints/Character/Animations/sprint_left_inPlace.uasset" 273
"../../../../../../Users/Bruce/source/repos/UnrealFPS/Content/ThirdPersonBP/Blueprints/Character/Animations/sprint_right_inPlace.uasset" 274
"../../../../../../Users/Bruce/source/repos/UnrealFPS/Content/ThirdPersonBP/Blueprints/Character/Animations/turn_90_left.uasset" 275
"../../../../../../Users/Bruce/source/repos/UnrealFPS/Content/ThirdPersonBP/Blueprints/Character/Animations/turn_90_right.uasset" 276
"../../../../../../Users/Bruce/source/repos/UnrealFPS/Content/ThirdPersonBP/Blueprints/Character/Animations/walk_backward_left_inPlace.uasset" 277
"../../../../../../Users/Bruce/source/repos/UnrealFPS/Content/ThirdPersonBP/Blueprints/Character/Animations/walk_backward_right_inPlace.uasset" 278
"../../../../../../Users/Bruce/source/repos/UnrealFPS/Content/ThirdPersonBP/Blueprints/Character/Animations/walk_crouching_backward_right_inPlace.uasset" 279
"../../../../../../Users/Bruce/source/repos/UnrealFPS/Content/ThirdPersonBP/Blueprints/Character/Animations/walk_crouching_left_inPlace.uasset" 280
"../../../../../../Users/Bruce/source/repos/UnrealFPS/Content/ThirdPersonBP/Blueprints/Character/Animations/walk_crouching_right_inPlace.uasset" 281
"../../../../../../Users/Bruce/source/repos/UnrealFPS/Content/ThirdPersonBP/Blueprints/Character/Animations/walk_forward_left_inPlace.uasset" 282
"../../../../../../Users/Bruce/source/repos/UnrealFPS/Content/ThirdPersonBP/Blueprints/Character/Animations/walk_forward_right_inPlace.uasset" 283
"../../../../../../Users/Bruce/source/repos/UnrealFPS/Content/__ADDONS/Landscapce/Textures/grass.uasset" 284
"../../../../../../Users/Bruce/source/repos/UnrealFPS/Content/__ADDONS/Landscapce/Textures/grass_Mat.uasset" 285
"../../../../../../Users/Bruce/source/repos/UnrealFPS/Content/__ADDONS/RetargetedAnim/Aim_Space_Hip.uasset" 286
"../../../../../../Users/Bruce/source/repos/UnrealFPS/Content/__ADDONS/RetargetedAnim/Aim_Space_Ironsights.uasset" 287
"../../../../../../Users/Bruce/source/repos/UnrealFPS/Content/__ADDONS/RetargetedAnim/Crouch_Idle_Rifle_Hip.uasset" 288
"../../../../../../Users/Bruce/source/repos/UnrealFPS/Content/__ADDONS/RetargetedAnim/Crouch_Idle_Rifle_Ironsights.uasset" 289
"../../../../../../Users/Bruce/source/repos/UnrealFPS/Content/__ADDONS/RetargetedAnim/Crouch_to_Stand_Rifle_Hip.uasset" 290
"../../../../../../Users/Bruce/source/repos/UnrealFPS/Content/__ADDONS/RetargetedAnim/Crouch_to_Stand_Rifle_Ironsights.uasset" 291
"../../../../../../Users/Bruce/source/repos/UnrealFPS/Content/__ADDONS/RetargetedAnim/Crouch_Walk_Bwd_Rifle_Ironsights.uasset" 292
"../../../../../../Users/Bruce/source/repos/UnrealFPS/Content/__ADDONS/RetargetedAnim/Crouch_Walk_Fwd_Rifle_Ironsights.uasset" 293
"../../../../../../Users/Bruce/source/repos/UnrealFPS/Content/__ADDONS/RetargetedAnim/Crouch_Walk_Lt_Rifle_Ironsights.uasset" 294
"../../../../../../Users/Bruce/source/repos/UnrealFPS/Content/__ADDONS/RetargetedAnim/Crouch_Walk_Rt_Rifle_Ironsights.uasset" 295
"../../../../../../Users/Bruce/source/repos/UnrealFPS/Content/__ADDONS/RetargetedAnim/Death_1.uasset" 296
"../../../../../../Users/Bruce/source/repos/UnrealFPS/Content/__ADDONS/RetargetedAnim/Death_2.uasset" 297
"../../../../../../Users/Bruce/source/repos/UnrealFPS/Content/__ADDONS/RetargetedAnim/Death_3.uasset" 298
"../../../../../../Users/Bruce/source/repos/UnrealFPS/Content/__ADDONS/RetargetedAnim/Death_Ironsights_1.uasset" 299
"../../../../../../Users/Bruce/source/repos/UnrealFPS/Content/__ADDONS/RetargetedAnim/Death_Ironsights_2.uasset" 300
"../../../../../../Users/Bruce/source/repos/UnrealFPS/Content/__ADDONS/RetargetedAnim/Equip_Pistol_Standing.uasset" 301
"../../../../../../Users/Bruce/source/repos/UnrealFPS/Content/__ADDONS/RetargetedAnim/Equip_Rifle_Standing.uasset" 302
"../../../../../../Users/Bruce/source/repos/UnrealFPS/Content/__ADDONS/RetargetedAnim/Fire_Rifle_Hip.uasset" 303
"../../../../../../Users/Bruce/source/repos/UnrealFPS/Content/__ADDONS/RetargetedAnim/Fire_Shotgun_Hip.uasset" 304
"../../../../../../Users/Bruce/source/repos/UnrealFPS/Content/__ADDONS/RetargetedAnim/Fire_Shotgun_Ironsights.uasset" 305
"../../../../../../Users/Bruce/source/repos/UnrealFPS/Content/__ADDONS/RetargetedAnim/Hit_React_1.uasset" 306
"../../../../../../Users/Bruce/source/repos/UnrealFPS/Content/__ADDONS/RetargetedAnim/Hit_React_2.uasset" 307
"../../../../../../Users/Bruce/source/repos/UnrealFPS/Content/__ADDONS/RetargetedAnim/Hit_React_3.uasset" 308
"../../../../../../Users/Bruce/source/repos/UnrealFPS/Content/__ADDONS/RetargetedAnim/Hit_React_4.uasset" 309
"../../../../../../Users/Bruce/source/repos/UnrealFPS/Content/__ADDONS/RetargetedAnim/Idle_Pistol.uasset" 310
"../../../../../../Users/Bruce/source/repos/UnrealFPS/Content/__ADDONS/RetargetedAnim/Idle_Rifle_Hip.uasset" 311
"../../../../../../Users/Bruce/source/repos/UnrealFPS/Content/__ADDONS/RetargetedAnim/Idle_Rifle_Hip_Break1.uasset" 312
"../../../../../../Users/Bruce/source/repos/UnrealFPS/Content/__ADDONS/RetargetedAnim/Idle_Rifle_Hip_Break2.uasset" 313
"../../../../../../Users/Bruce/source/repos/UnrealFPS/Content/__ADDONS/RetargetedAnim/Jump_From_Jog.uasset" 314
"../../../../../../Users/Bruce/source/repos/UnrealFPS/Content/__ADDONS/RetargetedAnim/Jump_From_Stand.uasset" 315
"../../../../../../Users/Bruce/source/repos/UnrealFPS/Content/__ADDONS/RetargetedAnim/Jump_From_Stand_Ironsights.uasset" 316
"../../../../../../Users/Bruce/source/repos/UnrealFPS/Content/__ADDONS/RetargetedAnim/Prone_Death_1.uasset" 317
"../../../../../../Users/Bruce/source/repos/UnrealFPS/Content/__ADDONS/RetargetedAnim/Prone_Death_2.uasset" 318
"../../../../../../Users/Bruce/source/repos/UnrealFPS/Content/__ADDONS/RetargetedAnim/Prone_Fire_2.uasset" 319
"../../../../../../Users/Bruce/source/repos/UnrealFPS/Content/__ADDONS/RetargetedAnim/Prone_Reload_Shotgun.uasset" 320
"../../../../../../Users/Bruce/source/repos/UnrealFPS/Content/__ADDONS/RetargetedAnim/Prone_To_Stand.uasset" 321
"../../../../../../Users/Bruce/source/repos/UnrealFPS/Content/__ADDONS/RetargetedAnim/Reload_Pistol.uasset" 322
"../../../../../../Users/Bruce/source/repos/UnrealFPS/Content/__ADDONS/RetargetedAnim/Reload_Rifle_Hip.uasset" 323
"../../../../../../Users/Bruce/source/repos/UnrealFPS/Content/__ADDONS/RetargetedAnim/Reload_Shotgun_Hip.uasset" 324
"../../../../../../Users/Bruce/source/repos/UnrealFPS/Content/__ADDONS/RetargetedAnim/Reload_Shotgun_Ironsights.uasset" 325
"../../../../../../Users/Bruce/source/repos/UnrealFPS/Content/__ADDONS/RetargetedAnim/Stand_to_Crouch_Rifle_Hip.uasset" 326
"../../../../../../Users/Bruce/source/repos/UnrealFPS/Content/__ADDONS/RetargetedAnim/Stand_to_Crouch_Rifle_Ironsights.uasset" 327
"../../../../../../Users/Bruce/source/repos/UnrealFPS/Content/__ADDONS/RetargetedAnim/Stand_To_Prone.uasset" 328
"../../../../../../Users/Bruce/source/repos/UnrealFPS/Content/__ADDONS/RetargetedAnim/Walk_Bwd_Rifle_Ironsights.uasset" 329
"../../../../../../Users/Bruce/source/repos/UnrealFPS/Content/__ADDONS/RetargetedAnim/Walk_Fwd_Rifle_Ironsights.uasset" 330
"../../../../../../Users/Bruce/source/repos/UnrealFPS/Content/__ADDONS/RetargetedAnim/Walk_Lt_Rifle_Ironsights.uasset" 331
"../../../../../../Users/Bruce/source/repos/UnrealFPS/Content/__ADDONS/RetargetedAnim/Walk_Rt_Rifle_Ironsights.uasset" 332
"../../../../../../Users/Bruce/source/repos/UnrealFPS/Content/__ADDONS/T91/T91_Anim_Armature_002_Armature_002Action_001.uasset" 333
"../../../../../../Users/Bruce/source/repos/UnrealFPS/Content/__ADDONS/T91/T91_Anim_Armature_002_Eject.uasset" 334
"../../../../../../Users/Bruce/source/repos/UnrealFPS/Content/__ADDONS/T91/T91_Anim_Armature_002_EjectEmpty.uasset" 335
"../../../../../../Users/Bruce/source/repos/UnrealFPS/Content/__ADDONS/T91/T91_Anim_Armature_002_Long.uasset" 336
"../../../../../../Users/Bruce/source/repos/UnrealFPS/Content/__ADDONS/T91/T91_Anim_Armature_002_PullHandle.uasset" 337
"../../../Engine/Content/EngineMaterials/WorldGridMaterial.uasset" 338
"../../../Engine/Content/ArtTools/RenderToTexture/Meshes/S_1_Unit_Plane.uasset" 339
"../../../Engine/Content/BasicShapes/Cone.uasset" 340
"../../../Engine/Content/BasicShapes/Plane.uasset" 341
"../../../Engine/Content/EditorLandscapeResources/DataLayer.uasset" 342
"../../../Engine/Content/EditorMaterials/GizmoMaterial.uasset" 343
"../../../Engine/Content/EditorMaterials/MAT_Groups_Toggle.uasset" 344
"../../../Engine/Content/EditorMaterials/MAT_Groups_Visibility.uasset" 345
"../../../Engine/Content/EditorMaterials/PreviewShadowIndicator.uasset" 346
"../../../Engine/Content/EditorMaterials/PreviewShadowIndicatorMaterial.uasset" 347
"../../../Engine/Content/EditorMaterials/MatineeGroups/MAT_ColorTrack.uasset" 348
"../../../Engine/Content/EditorMaterials/MatineeGroups/MAT_Groups_Anim.uasset" 349
"../../../Engine/Content/EditorMaterials/MatineeGroups/MAT_Groups_AudioMaster.uasset" 350
"../../../Engine/Content/EditorMaterials/MatineeGroups/MAT_Groups_Director.uasset" 351
"../../../Engine/Content/EditorMaterials/MatineeGroups/MAT_Groups_Event.uasset" 352
"../../../Engine/Content/EditorMaterials/MatineeGroups/MAT_Groups_Fade.uasset" 353
"../../../Engine/Content/EditorMaterials/MatineeGroups/MAT_Groups_Float.uasset" 354
"../../../Engine/Content/EditorMaterials/MatineeGroups/MAT_Groups_Move.uasset" 355
"../../../Engine/Content/EditorMaterials/MatineeGroups/MAT_Groups_Slomo.uasset" 356
"../../../Engine/Content/EditorMaterials/MatineeGroups/MAT_Groups_Sound.uasset" 357
"../../../Engine/Content/EditorMaterials/MatineeGroups/MAT_Groups_Vector.uasset" 358
"../../../Engine/Content/EditorMaterials/ParticleSystems/PSysThumbnail_NoImage.uasset" 359
"../../../Engine/Content/EditorMaterials/ParticleSystems/PSysThumbnail_OOD.uasset" 360
"../../../Engine/Content/EditorMaterials/Camera/CineMat.uasset" 361
"../../../Engine/Content/EditorMaterials/Camera/MI_CineMat_Rig.uasset" 362
"../../../Engine/Content/EditorMeshes/Camera/SM_CraneRig_Arm.uasset" 363
"../../../Engine/Content/EditorMeshes/Camera/SM_CraneRig_Base.uasset" 364
"../../../Engine/Content/EditorMeshes/Camera/SM_CraneRig_Body.uasset" 365
"../../../Engine/Content/EditorMeshes/Camera/SM_CraneRig_Mount.uasset" 366
"../../../Engine/Content/EditorMeshes/Camera/SM_RailRig_Mount.uasset" 367
"../../../Engine/Content/EditorMeshes/Camera/SM_RailRig_Track.uasset" 368
"../../../Engine/Content/EditorResources/BSPVertex.uasset" 369
"../../../Engine/Content/EditorResources/EmptyActor.uasset" 370
"../../../Engine/Content/EditorResources/S_Actor.uasset" 371
"../../../Engine/Content/EditorResources/S_Trigger.uasset" 372
"../../../Engine/Content/EditorResources/AudioIcons/S_AudioComponent.uasset" 373
"../../../Engine/Content/EditorResources/AudioIcons/S_AudioComponent_AutoActivate.uasset" 374
"../../../Engine/Content/EditorResources/LightIcons/S_LightError.uasset" 375
"../../../Engine/Content/EditorResources/SequenceRecorder/Countdown.uasset" 376
"../../../Engine/Content/EditorResources/SequenceRecorder/RecordingIndicator.uasset" 377
"../../../Engine/Content/EditorSounds/Notifications/CompileFailed.uasset" 378
"../../../Engine/Content/EditorSounds/Notifications/CompileFailed_Cue.uasset" 379
"../../../Engine/Content/EditorSounds/Notifications/CompileSuccess.uasset" 380
"../../../Engine/Content/EditorSounds/Notifications/CompileStart_Cue.uasset" 381
"../../../Engine/Content/EditorSounds/Notifications/CompileSuccess_Cue.uasset" 382
"../../../Engine/Content/EngineDamageTypes/DmgTypeBP_Environmental.uasset" 383
"../../../Engine/Content/EngineDebugMaterials/HeatmapGradient.uasset" 384
"../../../Engine/Content/EngineDebugMaterials/BoneWeightMaterial.uasset" 385
"../../../Engine/Content/EngineDebugMaterials/ClothMaterial.uasset" 386
"../../../Engine/Content/EngineDebugMaterials/ClothMaterial_WF.uasset" 387
"../../../Engine/Content/EngineDebugMaterials/DebugEditorMaterial.uasset" 388
"../../../Engine/Content/EngineDebugMaterials/DebugMeshMaterial.uasset" 389
"../../../Engine/Content/EngineDebugMaterials/GeomMaterial.uasset" 390
"../../../Engine/Content/EngineDebugMaterials/M_SimpleTranslucent.uasset" 391
"../../../Engine/Content/EngineFonts/Faces/RobotoBold.uasset" 392
"../../../Engine/Content/EngineFonts/Faces/RobotoBoldItalic.uasset" 393
"../../../Engine/Content/EngineFonts/Faces/RobotoItalic.uasset" 394
"../../../Engine/Content/EngineFonts/Faces/RobotoLight.uasset" 395
"../../../Engine/Content/EngineFonts/Faces/RobotoRegular.uasset" 396
"../../../Engine/Content/EngineFonts/Roboto.uasset" 397
"../../../Engine/Content/EngineFonts/Faces/RobotoTiny.uasset" 398
"../../../Engine/Content/EngineFonts/RobotoTiny.uasset" 399
"../../../Engine/Content/EngineMaterials/BaseFlattenDiffuseMap.uasset" 400
"../../../Engine/Content/EngineMaterials/BaseFlattenEmissiveMap.uasset" 401
"../../../Engine/Content/EngineMaterials/BaseFlattenGrayscaleMap.uasset" 402
"../../../Engine/Content/EngineMaterials/BaseFlattenNormalMap.uasset" 403
"../../../Engine/Content/EngineMaterials/BaseFlattenMaterial.uasset" 404
"../../../Engine/Content/EngineMaterials/DefaultBloomKernel.uasset" 405
"../../../Engine/Content/EngineMaterials/DefaultBokeh.uasset" 406
"../../../Engine/Content/EngineMaterials/DefaultDiffuse.uasset" 407
"../../../Engine/Content/EngineMaterials/DefaultDeferredDecalMaterial.uasset" 408
"../../../Engine/Content/EngineMaterials/DefaultLightFunctionMaterial.uasset" 409
"../../../Engine/Content/Functions/Engine_MaterialFunctions02/Utility/BreakOutFloat2Components.uasset" 410
"../../../Engine/Content/EngineMaterials/DefaultPostProcessMaterial.uasset" 411
"../../../Engine/Content/EngineFonts/RobotoDistanceField.uasset" 412
"../../../Engine/Content/EngineMaterials/DefaultTextMaterialOpaque.uasset" 413
"../../../Engine/Content/EngineMaterials/DefaultWhiteGrid.uasset" 414
"../../../Engine/Content/EngineMaterials/EditorBrushMaterial.uasset" 415
"../../../Engine/Content/EngineMaterials/Good64x64TilingNoiseHighFreq.uasset" 416
"../../../Engine/Content/EngineMaterials/MiniFont.uasset" 417
"../../../Engine/Content/EngineMaterials/InvalidLightmapSettings.uasset" 418
"../../../Engine/Content/EngineMaterials/M_InvalidLightmapSettings.uasset" 419
"../../../Engine/Content/Functions/Engine_MaterialFunctions02/WorldPositionOffset/CameraOffset.uasset" 420
"../../../Engine/Content/EngineMaterials/PhAT_JointLimitMaterial.uasset" 421
"../../../Engine/Content/EngineMaterials/PreintegratedSkinBRDF.uasset" 422
"../../../Engine/Content/EngineMaterials/RemoveSurfaceMaterial.uasset" 423
"../../../Engine/Content/EngineMaterials/WeightMapPlaceholderTexture.uasset" 424
"../../../Engine/Content/EngineResources/WhiteSquareTexture.uasset" 425
"../../../Engine/Content/EngineMaterials/Widget3DPassThrough.uasset" 426
"../../../Engine/Content/EngineMaterials/Widget3DPassThrough_Masked.uasset" 427
"../../../Engine/Content/EngineMaterials/Widget3DPassThrough_Opaque.uasset" 428
"../../../Engine/Content/EngineMaterials/Widget3DPassThrough_Masked_OneSided.uasset" 429
"../../../Engine/Content/EngineMaterials/Widget3DPassThrough_Opaque_OneSided.uasset" 430
"../../../Engine/Content/EngineMaterials/Widget3DPassThrough_Translucent.uasset" 431
"../../../Engine/Content/EngineMaterials/Widget3DPassThrough_Translucent_OneSided.uasset" 432
"../../../Engine/Content/EngineMeshes/Cylinder.uasset" 433
"../../../Engine/Content/EngineMeshes/Sphere.uasset" 434
"../../../Engine/Content/EngineResources/Black.uasset" 435
"../../../Engine/Content/EngineResources/DefaultTexture.uasset" 436
"../../../Engine/Content/EngineResources/DefaultTextureCube.uasset" 437
"../../../Engine/Content/EngineResources/DefaultVolumeTexture2D.uasset" 438
"../../../Engine/Content/EngineResources/DefaultVolumeTexture.uasset" 439
"../../../Engine/Content/EngineResources/GradientTexture0.uasset" 440
"../../../Engine/Content/EngineSounds/Master.uasset" 441
"../../../Engine/Content/Functions/Engine_MaterialFunctions01/Shading/ConvertFromDiffSpec.uasset" 442
"../../../Engine/Content/Functions/Engine_MaterialFunctions01/Shading/PowerToRoughness.uasset" 443
"../../../Engine/Content/Maps/Templates/Thumbnails/Default.uasset" 444
"../../../Engine/Content/Maps/Templates/Thumbnails/VR-Basic.uasset" 445
"../../../Engine/Content/MobileResources/T_MobileControls_texture.uasset" 446
"../../../Engine/Content/MobileResources/T_MobileMenu2.uasset" 447
"../../../Engine/Content/MobileResources/HUD/AnalogHat.uasset" 448
"../../../Engine/Content/MobileResources/HUD/VirtualJoystick_Background.uasset" 449
"../../../Engine/Content/MobileResources/HUD/VirtualJoystick_Thumb.uasset" 450
"../../../Engine/Content/MobileResources/HUD/DefaultVirtualJoysticks.uasset" 451
"../../../Engine/Content/MobileResources/HUD/LeftVirtualJoystickOnly.uasset" 452
"../../../Engine/Content/MobileResources/HUD/MobileHUDButton1_off.uasset" 453
"../../../Engine/Content/MobileResources/HUD/MobileHUDButton1_on.uasset" 454
"../../../Engine/Content/MobileResources/HUD/MobileHUDButton2_off.uasset" 455
"../../../Engine/Content/MobileResources/HUD/MobileHUDButton2_on.uasset" 456
"../../../Engine/Content/MobileResources/HUD/MobileHUDButton3.uasset" 457
"../../../Engine/Content/MobileResources/HUD/MobileHUDButtonFire.uasset" 458
"../../../Engine/Content/MobileResources/HUD/MobileHUDDirectionPad.uasset" 459
"../../../Engine/Content/MobileResources/HUD/MobileHUDDirectionPad2.uasset" 460
"../../../Engine/Content/MobileResources/HUD/MobileHUDDirectionPad3.uasset" 461
"../../../Engine/Content/MobileResources/HUD/MobileHUDDirectionStick.uasset" 462
"../../../Engine/Content/MobileResources/HUD/T_Castle_ThumbstickInner.uasset" 463
"../../../Engine/Content/MobileResources/HUD/T_Castle_ThumbstickOutter.uasset" 464
"../../../Engine/Content/Tutorial/ContentIntroCurve.uasset" 465
"../../../Engine/Content/VREditor/LaserPointer/VR_LaserPower_01.uasset" 466
"../../../Engine/Content/VREditor/TransformGizmo/TransformGizmoMaterial.uasset" 467
"../../../Engine/Content/VREditor/TransformGizmo/TranslucentTransformGizmoMaterial.uasset" 468
"../../../Engine/Content/VREditor/TransformGizmo/BoundingBoxCorner.uasset" 469
"../../../Engine/Content/VREditor/TransformGizmo/BoundingBoxEdge.uasset" 470
"../../../Engine/Content/VREditor/TransformGizmo/PlaneTranslationHandle.uasset" 471
"../../../Engine/Content/VREditor/TransformGizmo/Main.uasset" 472
"../../../Engine/Content/VREditor/TransformGizmo/Xray.uasset" 473
"../../../Engine/Content/VREditor/TransformGizmo/SM_Sequencer_Key.uasset" 474
"../../../Engine/Content/VREditor/TransformGizmo/SM_Sequencer_Node.uasset" 475
"../../Plugins/2D/Paper2D/Content/PlaceholderTextures/DummySpriteTexture.uasset" 476
"../../Plugins/2D/Paper2D/Content/DummySprite.uasset" 477
"../../Plugins/2D/Paper2D/Content/DefaultPaperTerrainMaterial.uasset" 478
"../../Plugins/2D/Paper2D/Content/DefaultSpriteMaterial.uasset" 479
"../../Plugins/2D/Paper2D/Content/MaskedUnlitSpriteMaterial.uasset" 480
"../../Plugins/2D/Paper2D/Content/OpaqueUnlitSpriteMaterial.uasset" 481
"../../Plugins/Runtime/Oculus/OculusVR/Content/Materials/PokeAHoleMaterial.uasset" 482
"../../Plugins/Runtime/Oculus/OculusVR/Content/Textures/GearVRController_AO.uasset" 483
"../../Plugins/Runtime/Oculus/OculusVR/Content/Textures/GearVRController_Color.uasset" 484
"../../Plugins/Runtime/Oculus/OculusVR/Content/Textures/GearVRController_Normal.uasset" 485
"../../Plugins/Runtime/Oculus/OculusVR/Content/Materials/GearVRControllerMaterial.uasset" 486
"../../Plugins/Runtime/Oculus/OculusVR/Content/Meshes/GearVrController.uasset" 487
"../../Plugins/Runtime/Oculus/OculusVR/Content/Textures/touchController_albedo.uasset" 488
"../../Plugins/Runtime/Oculus/OculusVR/Content/Textures/touchController_controlmap.uasset" 489
"../../Plugins/Runtime/Oculus/OculusVR/Content/Materials/touchController_mat.uasset" 490
"../../Plugins/Runtime/Oculus/OculusVR/Content/Meshes/LeftTouchController.uasset" 491
"../../Plugins/Runtime/Oculus/OculusVR/Content/Meshes/RiftHMD.uasset" 492
"../../Plugins/Runtime/Oculus/OculusVR/Content/Meshes/RightTouchController.uasset" 493
"../../../../../../Users/Bruce/source/repos/UnrealFPS/Content/AnimStarterPack/Crouch_Idle_Rifle_Hip.uasset" 494
"../../../../../../Users/Bruce/source/repos/UnrealFPS/Content/AnimStarterPack/Crouch_Idle_Rifle_Ironsights.uasset" 495
"../../../../../../Users/Bruce/source/repos/UnrealFPS/Content/AnimStarterPack/Crouch_Walk_Fwd_Rifle_Ironsights.uasset" 496
"../../../../../../Users/Bruce/source/repos/UnrealFPS/Content/AnimStarterPack/Equip_Pistol_Standing.uasset" 497
"../../../../../../Users/Bruce/source/repos/UnrealFPS/Content/AnimStarterPack/Fire_Rifle_Ironsights.uasset" 498
"../../../../../../Users/Bruce/source/repos/UnrealFPS/Content/AnimStarterPack/Hit_React_1.uasset" 499
"../../../../../../Users/Bruce/source/repos/UnrealFPS/Content/AnimStarterPack/Hit_React_2.uasset" 500
"../../../../../../Users/Bruce/source/repos/UnrealFPS/Content/AnimStarterPack/Hit_React_3.uasset" 501
"../../../../../../Users/Bruce/source/repos/UnrealFPS/Content/AnimStarterPack/Idle_Rifle_Hip_Break1.uasset" 502
"../../../../../../Users/Bruce/source/repos/UnrealFPS/Content/AnimStarterPack/Idle_Rifle_Hip_Break2.uasset" 503
"../../../../../../Users/Bruce/source/repos/UnrealFPS/Content/AnimStarterPack/Reload_Rifle_Hip.uasset" 504
"../../../../../../Users/Bruce/source/repos/UnrealFPS/Content/AnimStarterPack/Walk_Fwd_Rifle_Ironsights.uasset" 505
"../../../Engine/Content/EngineSky/C_Sky_Cloud_Color.uasset" 506
"../../../Engine/Content/EngineSky/C_Sky_Horizon_Color.uasset" 507
"../../../Engine/Content/EngineSky/C_Sky_Zenith_Color.uasset" 508
"../../../Engine/Content/EngineSky/T_Sky_Blue.uasset" 509
"../../../Engine/Content/EngineSky/T_Sky_Clouds_M.uasset" 510
"../../../Engine/Content/EngineSky/T_Sky_Stars.uasset" 511
"../../../Engine/Content/EngineSky/M_Sky_Panning_Clouds2.uasset" 512
"../../../Engine/Content/EngineSky/SM_SkySphere.uasset" 513
"../../../Engine/Content/EngineSky/BP_Sky_Sphere.uasset" 514
"../../../Engine/Content/TemplateResources/M_Template_Master.uasset" 515
"../../../Engine/Content/TemplateResources/MI_Template_BaseGray_03_Metal.uasset" 516
"../../../Engine/Content/Functions/MaterialLayerFunctions/MatLayerBlend_AO.uasset" 517
"../../../../../../Users/Bruce/source/repos/UnrealFPS/Content/AnimStarterPack/UE4_Mannequin/Materials/MaterialLayers/T_ML_Rubber_Blue_01_D.uasset" 518
"../../../../../../Users/Bruce/source/repos/UnrealFPS/Content/AnimStarterPack/UE4_Mannequin/Materials/MaterialLayers/T_ML_Rubber_Blue_01_N.uasset" 519
"../../../../../../Users/Bruce/source/repos/UnrealFPS/Content/AnimStarterPack/UE4_Mannequin/Materials/MaterialLayers/ML_GlossyBlack_Latex_UE4.uasset" 520
"../../../../../../Users/Bruce/source/repos/UnrealFPS/Content/AnimStarterPack/UE4_Mannequin/Materials/MaterialLayers/ML_Plastic_Shiny_Beige.uasset" 521
"../../../../../../Users/Bruce/source/repos/UnrealFPS/Content/AnimStarterPack/UE4_Mannequin/Textures/UE4_LOGO_CARD.uasset" 522
"../../../../../../Users/Bruce/source/repos/UnrealFPS/Content/AnimStarterPack/UE4_Mannequin/Materials/MaterialLayers/ML_Plastic_Shiny_Beige_LOGO.uasset" 523
"../../../../../../Users/Bruce/source/repos/UnrealFPS/Content/AnimStarterPack/UE4_Mannequin/Materials/MaterialLayers/T_ML_Aluminum01.uasset" 524
"../../../../../../Users/Bruce/source/repos/UnrealFPS/Content/AnimStarterPack/UE4_Mannequin/Materials/MaterialLayers/T_ML_Aluminum01_N.uasset" 525
"../../../../../../Users/Bruce/source/repos/UnrealFPS/Content/AnimStarterPack/UE4_Mannequin/Materials/MaterialLayers/ML_SoftMetal_UE4.uasset" 526
"../../../../../../Users/Bruce/source/repos/UnrealFPS/Content/AnimStarterPack/UE4_Mannequin/Textures/UE4_Mannequin__normals.uasset" 527
"../../../../../../Users/Bruce/source/repos/UnrealFPS/Content/AnimStarterPack/UE4_Mannequin/Textures/UE4_Mannequin_MAT_MASKA.uasset" 528
"../../../../../../Users/Bruce/source/repos/UnrealFPS/Content/AnimStarterPack/UE4_Mannequin/Textures/UE4_Mannequin_occlusion_Mobile.uasset" 529
"../../../../../../Users/Bruce/source/repos/UnrealFPS/Content/AnimStarterPack/UE4_Mannequin/Materials/M_UE4Man_Body.uasset" 530
"../../../../../../Users/Bruce/source/repos/UnrealFPS/Content/AnimStarterPack/UE4_Mannequin/Textures/UE4Man_Logo_N.uasset" 531
"../../../../../../Users/Bruce/source/repos/UnrealFPS/Content/AnimStarterPack/UE4_Mannequin/Materials/M_UE4Man_ChestLogo.uasset" 532
"../../../../../../Users/Bruce/source/repos/UnrealFPS/Content/AnimStarterPack/UE4_Mannequin/Mesh/SK_Mannequin_PhysicsAsset.uasset" 533
"../../../../../../Users/Bruce/source/repos/UnrealFPS/Content/AnimStarterPack/UE4_Mannequin/Mesh/SK_Mannequin.uasset" 534
"../../../../../../Users/Bruce/source/repos/UnrealFPS/Content/AnimStarterPack/Showcase.umap" 535
"../../../../../../Users/Bruce/source/repos/UnrealFPS/Content/StarterContent/Blueprints/Assets/FogBrightnessLUT.uasset" 536
"../../../../../../Users/Bruce/source/repos/UnrealFPS/Content/StarterContent/Blueprints/Assets/SunlightColorLUT.uasset" 537
"../../../../../../Users/Bruce/source/repos/UnrealFPS/Content/StarterContent/Blueprints/Assets/M_LightStage_Arrows.uasset" 538
"../../../Engine/Content/MapTemplates/Sky/DaylightAmbientCubemap.uasset" 539
"../../../../../../Users/Bruce/source/repos/UnrealFPS/Content/StarterContent/Blueprints/Assets/M_LightStage_Skybox_Master.uasset" 540
"../../../../../../Users/Bruce/source/repos/UnrealFPS/Content/StarterContent/Blueprints/Assets/M_LightStage_Skybox_Black.uasset" 541
"../../../../../../Users/Bruce/source/repos/UnrealFPS/Content/StarterContent/Blueprints/Assets/M_LightStage_Skybox_HDRI.uasset" 542
"../../../Engine/Content/EditorMaterials/Thumbnails/SkySphereMaterial.uasset" 543
"../../../../../../Users/Bruce/source/repos/UnrealFPS/Content/StarterContent/Blueprints/Assets/Skybox.uasset" 544
"../../../../../../Users/Bruce/source/repos/UnrealFPS/Content/StarterContent/Blueprints/Assets/SM_Arrows.uasset" 545
"../../../../../../Users/Bruce/source/repos/UnrealFPS/Content/StarterContent/HDRI/HDRI_Epic_Courtyard_Daylight.uasset" 546
"../../../../../../Users/Bruce/source/repos/UnrealFPS/Content/StarterContent/Blueprints/BP_LightStudio.uasset" 547
"../../../../../../Users/Bruce/source/repos/UnrealFPS/Content/StarterContent/Maps/Advanced_Lighting_BuiltData.uasset" 548
"../../../../../../Users/Bruce/source/repos/UnrealFPS/Content/StarterContent/Materials/M_AssetPlatform.uasset" 549
"../../../Engine/Content/EditorMeshes/ColorCalibrator/M_ChromeBall.uasset" 550
"../../../Engine/Content/EditorMeshes/ColorCalibrator/M_ClearCoat.uasset" 551
"../../../Engine/Content/EditorMeshes/ColorCalibrator/M_ClearCoatBlack.uasset" 552
"../../../Engine/Content/EditorMeshes/ColorCalibrator/Color_checker.uasset" 553
"../../../Engine/Content/EditorMeshes/ColorCalibrator/M_ColorGrid.uasset" 554
"../../../Engine/Content/EditorMeshes/ColorCalibrator/M_GreyBall.uasset" 555
"../../../Engine/Content/EditorMeshes/ColorCalibrator/SM_ColorCalibrator.uasset" 556
"../../../../../../Users/Bruce/source/repos/UnrealFPS/Content/StarterContent/Architecture/SM_AssetPlatform.uasset" 557
"../../../../../../Users/Bruce/source/repos/UnrealFPS/Content/StarterContent/Maps/Advanced_Lighting.umap" 558
"../../../../../../Users/Bruce/source/repos/UnrealFPS/Content/StarterContent/Maps/Minimal_Default_BuiltData.uasset" 559
"../../../../../../Users/Bruce/source/repos/UnrealFPS/Content/StarterContent/Textures/T_MacroVariation.uasset" 560
"../../../../../../Users/Bruce/source/repos/UnrealFPS/Content/StarterContent/Materials/M_Metal_Brushed_Nickel.uasset" 561
"../../../../../../Users/Bruce/source/repos/UnrealFPS/Content/StarterContent/Textures/T_Metal_Aluminum_D.uasset" 562
"../../../../../../Users/Bruce/source/repos/UnrealFPS/Content/StarterContent/Textures/T_Metal_Gold_N.uasset" 563
"../../../../../../Users/Bruce/source/repos/UnrealFPS/Content/StarterContent/Materials/M_Metal_Burnished_Steel.uasset" 564
"../../../../../../Users/Bruce/source/repos/UnrealFPS/Content/StarterContent/Textures/T_Metal_Copper_D.uasset" 565
"../../../../../../Users/Bruce/source/repos/UnrealFPS/Content/StarterContent/Materials/M_Metal_Copper.uasset" 566
"../../../../../../Users/Bruce/source/repos/UnrealFPS/Content/StarterContent/Textures/T_Statue_M.uasset" 567
"../../../../../../Users/Bruce/source/repos/UnrealFPS/Content/StarterContent/Textures/T_Statue_N.uasset" 568
"../../../../../../Users/Bruce/source/repos/UnrealFPS/Content/StarterContent/Props/Materials/M_StatueGlass.uasset" 569
"../../../../../../Users/Bruce/source/repos/UnrealFPS/Content/StarterContent/Architecture/Floor_400x400.uasset" 570
"../../../../../../Users/Bruce/source/repos/UnrealFPS/Content/StarterContent/Audio/Starter_Background_Cue.uasset" 571
"../../../../../../Users/Bruce/source/repos/UnrealFPS/Content/StarterContent/Props/SM_Chair.uasset" 572
"../../../../../../Users/Bruce/source/repos/UnrealFPS/Content/StarterContent/Props/Materials/M_Statue.uasset" 573
"../../../../../../Users/Bruce/source/repos/UnrealFPS/Content/StarterContent/Props/SM_Statue.uasset" 574
"../../../../../../Users/Bruce/source/repos/UnrealFPS/Content/StarterContent/Textures/T_TableRound_M.uasset" 575
"../../../../../../Users/Bruce/source/repos/UnrealFPS/Content/StarterContent/Textures/T_TableRound_N.uasset" 576
"../../../../../../Users/Bruce/source/repos/UnrealFPS/Content/StarterContent/Props/Materials/M_TableRound.uasset" 577
"../../../../../../Users/Bruce/source/repos/UnrealFPS/Content/StarterContent/Props/SM_TableRound.uasset" 578
"../../../../../../Users/Bruce/source/repos/UnrealFPS/Content/StarterContent/Maps/Minimal_Default.umap" 579
"../../../../../../Users/Bruce/source/repos/UnrealFPS/Content/StarterContent/Audio/Fire01_Cue.uasset" 580
"../../../../../../Users/Bruce/source/repos/UnrealFPS/Content/StarterContent/Textures/T_Fire_SubUV.uasset" 581
"../../../../../../Users/Bruce/source/repos/UnrealFPS/Content/StarterContent/Textures/T_Fire_Tiled_D.uasset" 582
"../../../../../../Users/Bruce/source/repos/UnrealFPS/Content/StarterContent/Particles/Materials/M_Fire_SubUV.uasset" 583
"../../../../../../Users/Bruce/source/repos/UnrealFPS/Content/StarterContent/Textures/T_Water_N.uasset" 584
"../../../../../../Users/Bruce/source/repos/UnrealFPS/Content/StarterContent/Particles/Materials/M_Heat_Distortion.uasset" 585
"../../../../../../Users/Bruce/source/repos/UnrealFPS/Content/StarterContent/Particles/Materials/M_Radial_Gradient.uasset" 586
"../../../../../../Users/Bruce/source/repos/UnrealFPS/Content/StarterContent/Particles/P_Fire.uasset" 587
"../../../../../../Users/Bruce/source/repos/UnrealFPS/Content/StarterContent/Blueprints/Blueprint_Effect_Fire.uasset" 588
"../../../../../../Users/Bruce/source/repos/UnrealFPS/Content/StarterContent/Audio/Smoke01_Cue.uasset" 589
"../../../../../../Users/Bruce/source/repos/UnrealFPS/Content/StarterContent/Particles/P_Smoke.uasset" 590
"../../../../../../Users/Bruce/source/repos/UnrealFPS/Content/StarterContent/Blueprints/Blueprint_Effect_Smoke.uasset" 591
"../../../../../../Users/Bruce/source/repos/UnrealFPS/Content/StarterContent/Audio/Fire_Sparks01_Cue.uasset" 592
"../../../../../../Users/Bruce/source/repos/UnrealFPS/Content/StarterContent/Textures/T_Spark_Core.uasset" 593
"../../../../../../Users/Bruce/source/repos/UnrealFPS/Content/StarterContent/Particles/Materials/M_Spark.uasset" 594
"../../../../../../Users/Bruce/source/repos/UnrealFPS/Content/StarterContent/Particles/P_Sparks.uasset" 595
"../../../../../../Users/Bruce/source/repos/UnrealFPS/Content/StarterContent/Blueprints/Blueprint_Effect_Sparks.uasset" 596
"../../../../../../Users/Bruce/source/repos/UnrealFPS/Content/StarterContent/Audio/Steam01_Cue.uasset" 597
"../../../../../../Users/Bruce/source/repos/UnrealFPS/Content/StarterContent/Particles/P_Steam_Lit.uasset" 598
"../../../../../../Users/Bruce/source/repos/UnrealFPS/Content/StarterContent/Blueprints/Blueprint_Effect_Steam.uasset" 599
"../../../../../../Users/Bruce/source/repos/UnrealFPS/Content/StarterContent/Textures/T_Lamp_M.uasset" 600
"../../../../../../Users/Bruce/source/repos/UnrealFPS/Content/StarterContent/Textures/T_Lamp_N.uasset" 601
"../../../../../../Users/Bruce/source/repos/UnrealFPS/Content/StarterContent/Props/Materials/M_Lamp.uasset" 602
"../../../../../../Users/Bruce/source/repos/UnrealFPS/Content/StarterContent/Props/SM_Lamp_Ceiling.uasset" 603
"../../../../../../Users/Bruce/source/repos/UnrealFPS/Content/StarterContent/Blueprints/Blueprint_CeilingLight.uasset" 604
"../../../../../../Users/Bruce/source/repos/UnrealFPS/Content/StarterContent/Props/SM_Lamp_Wall.uasset" 605
"../../../../../../Users/Bruce/source/repos/UnrealFPS/Content/StarterContent/Blueprints/Blueprint_WallSconce.uasset" 606
"../../../../../../Users/Bruce/source/repos/UnrealFPS/Content/StarterContent/Maps/StarterMap_BuiltData.uasset" 607
"../../../Engine/Content/Functions/Engine_MaterialFunctions03/Procedurals/ComputeFilterWidth.uasset" 608
"../../../Engine/Content/EngineMaterials/AntiAliasedTextMaterialTranslucent.uasset" 609
"../../../../../../Users/Bruce/source/repos/UnrealFPS/Content/StarterContent/Textures/T_Brick_Clay_Beveled_D.uasset" 610
"../../../../../../Users/Bruce/source/repos/UnrealFPS/Content/StarterContent/Textures/T_Brick_Clay_Beveled_M.uasset" 611
"../../../../../../Users/Bruce/source/repos/UnrealFPS/Content/StarterContent/Textures/T_Brick_Clay_Beveled_N.uasset" 612
"../../../../../../Users/Bruce/source/repos/UnrealFPS/Content/StarterContent/Materials/M_Brick_Clay_Beveled.uasset" 613
"../../../../../../Users/Bruce/source/repos/UnrealFPS/Content/StarterContent/Textures/T_Brick_Clay_New_D.uasset" 614
"../../../../../../Users/Bruce/source/repos/UnrealFPS/Content/StarterContent/Textures/T_Brick_Clay_New_M.uasset" 615
"../../../../../../Users/Bruce/source/repos/UnrealFPS/Content/StarterContent/Textures/T_Brick_Clay_New_N.uasset" 616
"../../../../../../Users/Bruce/source/repos/UnrealFPS/Content/StarterContent/Materials/M_Brick_Clay_New.uasset" 617
"../../../../../../Users/Bruce/source/repos/UnrealFPS/Content/StarterContent/Textures/T_Brick_Clay_Old_D.uasset" 618
"../../../../../../Users/Bruce/source/repos/UnrealFPS/Content/StarterContent/Textures/T_Brick_Clay_Old_N.uasset" 619
"../../../../../../Users/Bruce/source/repos/UnrealFPS/Content/StarterContent/Textures/T_Perlin_Noise_M.uasset" 620
"../../../../../../Users/Bruce/source/repos/UnrealFPS/Content/StarterContent/Materials/M_Brick_Clay_Old.uasset" 621
"../../../../../../Users/Bruce/source/repos/UnrealFPS/Content/StarterContent/Textures/T_Brick_Cut_Stone_D.uasset" 622
"../../../../../../Users/Bruce/source/repos/UnrealFPS/Content/StarterContent/Textures/T_Brick_Cut_Stone_N.uasset" 623
"../../../../../../Users/Bruce/source/repos/UnrealFPS/Content/StarterContent/Materials/M_Brick_Cut_Stone.uasset" 624
"../../../../../../Users/Bruce/source/repos/UnrealFPS/Content/StarterContent/Textures/T_Brick_Hewn_Stone_D.uasset" 625
"../../../../../../Users/Bruce/source/repos/UnrealFPS/Content/StarterContent/Textures/T_Brick_Hewn_Stone_M.uasset" 626
"../../../../../../Users/Bruce/source/repos/UnrealFPS/Content/StarterContent/Textures/T_Brick_Hewn_Stone_N.uasset" 627
"../../../../../../Users/Bruce/source/repos/UnrealFPS/Content/StarterContent/Materials/M_Brick_Hewn_Stone.uasset" 628
"../../../../../../Users/Bruce/source/repos/UnrealFPS/Content/StarterContent/Textures/T_Ceramic_Tile_M.uasset" 629
"../../../../../../Users/Bruce/source/repos/UnrealFPS/Content/StarterContent/Textures/T_Ceramic_Tile_N.uasset" 630
"../../../../../../Users/Bruce/source/repos/UnrealFPS/Content/StarterContent/Textures/T_Rock_Marble_Polished_D.uasset" 631
"../../../../../../Users/Bruce/source/repos/UnrealFPS/Content/StarterContent/Materials/M_Ceramic_Tile_Checker.uasset" 632
"../../../../../../Users/Bruce/source/repos/UnrealFPS/Content/StarterContent/Textures/T_CobbleStone_Pebble_D.uasset" 633
"../../../../../../Users/Bruce/source/repos/UnrealFPS/Content/StarterContent/Textures/T_CobbleStone_Pebble_M.uasset" 634
"../../../../../../Users/Bruce/source/repos/UnrealFPS/Content/StarterContent/Textures/T_CobbleStone_Pebble_N.uasset" 635
"../../../../../../Users/Bruce/source/repos/UnrealFPS/Content/StarterContent/Materials/M_CobbleStone_Pebble.uasset" 636
"../../../../../../Users/Bruce/source/repos/UnrealFPS/Content/StarterContent/Textures/T_CobbleStone_Rough_D.uasset" 637
"../../../../../../Users/Bruce/source/repos/UnrealFPS/Content/StarterContent/Textures/T_CobbleStone_Rough_N.uasset" 638
"../../../../../../Users/Bruce/source/repos/UnrealFPS/Content/StarterContent/Textures/T_Gradinet_01.uasset" 639
"../../../../../../Users/Bruce/source/repos/UnrealFPS/Content/StarterContent/Textures/T_Rock_Smooth_Granite_D.uasset" 640
"../../../../../../Users/Bruce/source/repos/UnrealFPS/Content/StarterContent/Materials/M_CobbleStone_Rough.uasset" 641
"../../../../../../Users/Bruce/source/repos/UnrealFPS/Content/StarterContent/Textures/T_CobbleStone_Smooth_D.uasset" 642
"../../../../../../Users/Bruce/source/repos/UnrealFPS/Content/StarterContent/Textures/T_CobbleStone_Smooth_M.uasset" 643
"../../../../../../Users/Bruce/source/repos/UnrealFPS/Content/StarterContent/Textures/T_CobbleStone_Smooth_N.uasset" 644
"../../../../../../Users/Bruce/source/repos/UnrealFPS/Content/StarterContent/Materials/M_CobbleStone_Smooth.uasset" 645
"../../../../../../Users/Bruce/source/repos/UnrealFPS/Content/StarterContent/Textures/T_Concrete_Grime_D.uasset" 646
"../../../../../../Users/Bruce/source/repos/UnrealFPS/Content/StarterContent/Textures/T_Metal_Rust_N.uasset" 647
"../../../../../../Users/Bruce/source/repos/UnrealFPS/Content/StarterContent/Materials/M_Concrete_Grime.uasset" 648
"../../../../../../Users/Bruce/source/repos/UnrealFPS/Content/StarterContent/Textures/T_Concrete_Panels_D.uasset" 649
"../../../../../../Users/Bruce/source/repos/UnrealFPS/Content/StarterContent/Textures/T_Concrete_Panels_N.uasset" 650
"../../../../../../Users/Bruce/source/repos/UnrealFPS/Content/StarterContent/Materials/M_Concrete_Panels.uasset" 651
"../../../../../../Users/Bruce/source/repos/UnrealFPS/Content/StarterContent/Textures/T_Concrete_Poured_D.uasset" 652
"../../../../../../Users/Bruce/source/repos/UnrealFPS/Content/StarterContent/Textures/T_Concrete_Poured_N.uasset" 653
"../../../../../../Users/Bruce/source/repos/UnrealFPS/Content/StarterContent/Materials/M_Concrete_Poured.uasset" 654
"../../../../../../Users/Bruce/source/repos/UnrealFPS/Content/StarterContent/Textures/T_Concrete_Tiles_D.uasset" 655
"../../../../../../Users/Bruce/source/repos/UnrealFPS/Content/StarterContent/Textures/T_Concrete_Tiles_M.uasset" 656
"../../../../../../Users/Bruce/source/repos/UnrealFPS/Content/StarterContent/Textures/T_Concrete_Tiles_N.uasset" 657
"../../../../../../Users/Bruce/source/repos/UnrealFPS/Content/StarterContent/Textures/T_Concrete_Tiles_Variation_M.uasset" 658
"../../../../../../Users/Bruce/source/repos/UnrealFPS/Content/StarterContent/Materials/M_Concrete_Tiles.uasset" 659
"../../../../../../Users/Bruce/source/repos/UnrealFPS/Content/StarterContent/Textures/T_Ground_Grass_D.uasset" 660
"../../../../../../Users/Bruce/source/repos/UnrealFPS/Content/StarterContent/Textures/T_Ground_Grass_N.uasset" 661
"../../../../../../Users/Bruce/source/repos/UnrealFPS/Content/StarterContent/Materials/M_Ground_Grass.uasset" 662
"../../../../../../Users/Bruce/source/repos/UnrealFPS/Content/StarterContent/Textures/T_Ground_Gravel_D.uasset" 663
"../../../../../../Users/Bruce/source/repos/UnrealFPS/Content/StarterContent/Textures/T_Ground_Gravel_N.uasset" 664
"../../../../../../Users/Bruce/source/repos/UnrealFPS/Content/StarterContent/Materials/M_Ground_Gravel.uasset" 665
"../../../../../../Users/Bruce/source/repos/UnrealFPS/Content/StarterContent/Textures/T_ground_Moss_D.uasset" 666
"../../../../../../Users/Bruce/source/repos/UnrealFPS/Content/StarterContent/Textures/T_Ground_Moss_N.uasset" 667
"../../../../../../Users/Bruce/source/repos/UnrealFPS/Content/StarterContent/Materials/M_Ground_Moss.uasset" 668
"../../../../../../Users/Bruce/source/repos/UnrealFPS/Content/StarterContent/Materials/M_Metal_Chrome.uasset" 669
"../../../../../../Users/Bruce/source/repos/UnrealFPS/Content/StarterContent/Textures/T_Metal_Gold_D.uasset" 670
"../../../../../../Users/Bruce/source/repos/UnrealFPS/Content/StarterContent/Materials/M_Metal_Gold.uasset" 671
"../../../../../../Users/Bruce/source/repos/UnrealFPS/Content/StarterContent/Textures/T_Metal_Rust_D.uasset" 672
"../../../../../../Users/Bruce/source/repos/UnrealFPS/Content/StarterContent/Materials/M_Metal_Rust.uasset" 673
"../../../../../../Users/Bruce/source/repos/UnrealFPS/Content/StarterContent/Textures/T_Metal_Steel_D.uasset" 674
"../../../../../../Users/Bruce/source/repos/UnrealFPS/Content/StarterContent/Textures/T_Metal_Steel_N.uasset" 675
"../../../../../../Users/Bruce/source/repos/UnrealFPS/Content/StarterContent/Materials/M_Metal_Steel.uasset" 676
"../../../../../../Users/Bruce/source/repos/UnrealFPS/Content/StarterContent/Textures/T_Rock_Basalt_N.uasset" 677
"../../../../../../Users/Bruce/source/repos/UnrealFPS/Content/StarterContent/Materials/M_Rock_Basalt.uasset" 678
"../../../../../../Users/Bruce/source/repos/UnrealFPS/Content/StarterContent/Materials/M_Rock_Marble_Polished.uasset" 679
"../../../../../../Users/Bruce/source/repos/UnrealFPS/Content/StarterContent/Textures/T_Rock_Sandstone_D.uasset" 680
"../../../../../../Users/Bruce/source/repos/UnrealFPS/Content/StarterContent/Textures/T_Rock_Sandstone_N.uasset" 681
"../../../../../../Users/Bruce/source/repos/UnrealFPS/Content/StarterContent/Materials/M_Rock_Sandstone.uasset" 682
"../../../../../../Users/Bruce/source/repos/UnrealFPS/Content/StarterContent/Textures/T_Rock_Slate_D.uasset" 683
"../../../../../../Users/Bruce/source/repos/UnrealFPS/Content/StarterContent/Textures/T_Rock_Slate_N.uasset" 684
"../../../../../../Users/Bruce/source/repos/UnrealFPS/Content/StarterContent/Materials/M_Rock_Slate.uasset" 685
"../../../../../../Users/Bruce/source/repos/UnrealFPS/Content/StarterContent/Textures/T_Checker_Noise_M.uasset" 686
"../../../../../../Users/Bruce/source/repos/UnrealFPS/Content/StarterContent/Textures/T_Single_Tile_N.uasset" 687
"../../../../../../Users/Bruce/source/repos/UnrealFPS/Content/StarterContent/Textures/T_Tech_Dot_M.uasset" 688
"../../../../../../Users/Bruce/source/repos/UnrealFPS/Content/StarterContent/Textures/T_Tech_Dot_N.uasset" 689
"../../../../../../Users/Bruce/source/repos/UnrealFPS/Content/StarterContent/Materials/M_Tech_Checker_Dot.uasset" 690
"../../../../../../Users/Bruce/source/repos/UnrealFPS/Content/StarterContent/Textures/T_Tech_Hex_Tile_M.uasset" 691
"../../../../../../Users/Bruce/source/repos/UnrealFPS/Content/StarterContent/Textures/T_Tech_Hex_Tile_N.uasset" 692
"../../../../../../Users/Bruce/source/repos/UnrealFPS/Content/StarterContent/Materials/M_Tech_Hex_Tile.uasset" 693
"../../../../../../Users/Bruce/source/repos/UnrealFPS/Content/StarterContent/Materials/M_Tech_Hex_Tile_Pulse.uasset" 694
"../../../../../../Users/Bruce/source/repos/UnrealFPS/Content/StarterContent/Textures/T_Tech_Panel_M.uasset" 695
"../../../../../../Users/Bruce/source/repos/UnrealFPS/Content/StarterContent/Textures/T_Tech_Panel_N.uasset" 696
"../../../../../../Users/Bruce/source/repos/UnrealFPS/Content/StarterContent/Materials/M_Tech_Panel.uasset" 697
"../../../../../../Users/Bruce/source/repos/UnrealFPS/Content/StarterContent/Materials/M_Water_Lake.uasset" 698
"../../../../../../Users/Bruce/source/repos/UnrealFPS/Content/StarterContent/Textures/T_Water_M.uasset" 699
"../../../../../../Users/Bruce/source/repos/UnrealFPS/Content/StarterContent/Materials/M_Water_Ocean.uasset" 700
"../../../../../../Users/Bruce/source/repos/UnrealFPS/Content/StarterContent/Textures/T_Wood_Floor_Walnut_D.uasset" 701
"../../../../../../Users/Bruce/source/repos/UnrealFPS/Content/StarterContent/Textures/T_Wood_Floor_Walnut_M.uasset" 702
"../../../../../../Users/Bruce/source/repos/UnrealFPS/Content/StarterContent/Textures/T_Wood_Floor_Walnut_N.uasset" 703
"../../../../../../Users/Bruce/source/repos/UnrealFPS/Content/StarterContent/Materials/M_Wood_Floor_Walnut_Polished.uasset" 704
"../../../Engine/Content/Functions/Engine_MaterialFunctions01/Opacity/AlphaOffset.uasset" 705
"../../../../../../Users/Bruce/source/repos/UnrealFPS/Content/StarterContent/Materials/M_Wood_Floor_Walnut_Worn.uasset" 706
"../../../../../../Users/Bruce/source/repos/UnrealFPS/Content/StarterContent/Textures/T_Wood_Oak_D.uasset" 707
"../../../../../../Users/Bruce/source/repos/UnrealFPS/Content/StarterContent/Textures/T_Wood_Oak_N.uasset" 708
"../../../../../../Users/Bruce/source/repos/UnrealFPS/Content/StarterContent/Materials/M_Wood_Oak.uasset" 709
"../../../../../../Users/Bruce/source/repos/UnrealFPS/Content/StarterContent/Textures/T_Wood_Pine_D.uasset" 710
"../../../../../../Users/Bruce/source/repos/UnrealFPS/Content/StarterContent/Textures/T_Wood_Pine_N.uasset" 711
"../../../../../../Users/Bruce/source/repos/UnrealFPS/Content/StarterContent/Materials/M_Wood_Pine.uasset" 712
"../../../../../../Users/Bruce/source/repos/UnrealFPS/Content/StarterContent/Textures/T_Wood_Walnut_D.uasset" 713
"../../../../../../Users/Bruce/source/repos/UnrealFPS/Content/StarterContent/Textures/T_Wood_Walnut_N.uasset" 714
"../../../../../../Users/Bruce/source/repos/UnrealFPS/Content/StarterContent/Materials/M_Wood_Walnut.uasset" 715
"../../../../../../Users/Bruce/source/repos/UnrealFPS/Content/StarterContent/Architecture/Wall_400x200.uasset" 716
"../../../../../../Users/Bruce/source/repos/UnrealFPS/Content/StarterContent/Architecture/Wall_Door_400x300.uasset" 717
"../../../../../../Users/Bruce/source/repos/UnrealFPS/Content/StarterContent/Architecture/Wall_Window_400x300.uasset" 718
"../../../../../../Users/Bruce/source/repos/UnrealFPS/Content/StarterContent/Audio/Collapse_Cue.uasset" 719
"../../../../../../Users/Bruce/source/repos/UnrealFPS/Content/StarterContent/Audio/Starter_Music_Cue.uasset" 720
"../../../../../../Users/Bruce/source/repos/UnrealFPS/Content/StarterContent/Textures/T_Dust_Particle_D.uasset" 721
"../../../../../../Users/Bruce/source/repos/UnrealFPS/Content/StarterContent/Particles/Materials/M_Dust_Particle.uasset" 722
"../../../../../../Users/Bruce/source/repos/UnrealFPS/Content/StarterContent/Particles/P_Ambient_Dust.uasset" 723
"../../../../../../Users/Bruce/source/repos/UnrealFPS/Content/StarterContent/Props/MaterialSphere.uasset" 724
"../../../../../../Users/Bruce/source/repos/UnrealFPS/Content/StarterContent/Textures/T_Frame_M.uasset" 725
"../../../../../../Users/Bruce/source/repos/UnrealFPS/Content/StarterContent/Textures/T_Frame_N.uasset" 726
"../../../../../../Users/Bruce/source/repos/UnrealFPS/Content/StarterContent/Props/Materials/M_Frame.uasset" 727
"../../../../../../Users/Bruce/source/repos/UnrealFPS/Content/StarterContent/Props/SM_CornerFrame.uasset" 728
"../../../../../../Users/Bruce/source/repos/UnrealFPS/Content/StarterContent/Props/SM_DoorFrame.uasset" 729
"../../../../../../Users/Bruce/source/repos/UnrealFPS/Content/StarterContent/Props/SM_GlassWindow.uasset" 730
"../../../../../../Users/Bruce/source/repos/UnrealFPS/Content/StarterContent/Props/SM_PillarFrame.uasset" 731
"../../../../../../Users/Bruce/source/repos/UnrealFPS/Content/StarterContent/Props/SM_PillarFrame300.uasset" 732
"../../../../../../Users/Bruce/source/repos/UnrealFPS/Content/StarterContent/Props/SM_WindowFrame.uasset" 733
"../../../../../../Users/Bruce/source/repos/UnrealFPS/Content/StarterContent/Shapes/Shape_Cube.uasset" 734
"../../../../../../Users/Bruce/source/repos/UnrealFPS/Content/StarterContent/Shapes/Shape_QuadPyramid.uasset" 735
"../../../../../../Users/Bruce/source/repos/UnrealFPS/Content/StarterContent/Shapes/Shape_Sphere.uasset" 736
"../../../../../../Users/Bruce/source/repos/UnrealFPS/Content/StarterContent/Maps/StarterMap.umap" 737
"../../../../../../Users/Bruce/source/repos/UnrealFPS/Content/__ADDONS/HitCheck/HitCheckRT.uasset" 738
"../../../../../../Users/Bruce/source/repos/UnrealFPS/Content/__ADDONS/T91/AdjTgt_0.uasset" 739
"../../../../../../Users/Bruce/source/repos/UnrealFPS/Content/__ADDONS/T91/AdjTgt1.uasset" 740
"../../../../../../Users/Bruce/source/repos/UnrealFPS/Content/__ADDONS/T91/AdjTgt.uasset" 741
"../../../../../../Users/Bruce/source/repos/UnrealFPS/Content/__ADDONS/T91/AdjTgt_Blueprint.uasset" 742
"../../../../../../Users/Bruce/source/repos/UnrealFPS/Content/ThirdPersonBP/Blueprints/PaintVolume.uasset" 743
"../../../Engine/Content/BasicShapes/BasicShapeMaterial.uasset" 744
"../../../Engine/Content/BasicShapes/Sphere.uasset" 745
"../../../../../../Users/Bruce/source/repos/UnrealFPS/Content/ThirdPersonBP/Blueprints/Target/hitPoint.uasset" 746
"../../../Engine/Content/BasicShapes/Cube.uasset" 747
"../../../../../../Users/Bruce/source/repos/UnrealFPS/Content/ThirdPersonBP/Blueprints/Target/TestTarget.uasset" 748
"../../../../../../Users/Bruce/source/repos/UnrealFPS/Content/ThirdPersonBP/Maps/ThirdPersonExampleMap_BuiltData.uasset" 749
"../../../../../../Users/Bruce/source/repos/UnrealFPS/Content/__ADDONS/Materials/__SRfloor.uasset" 750
"../../../../../../Users/Bruce/source/repos/UnrealFPS/Content/__ADDONS/Materials/__SRwalls_long.uasset" 751
"../../../../../../Users/Bruce/source/repos/UnrealFPS/Content/__ADDONS/Materials/__SRwalls_short.uasset" 752
"../../../Engine/Content/EngineMaterials/DefaultPhysicalMaterial.uasset" 753
"../../../../../../Users/Bruce/source/repos/UnrealFPS/Content/__ADDONS/HitCheck/HitCheckRT_Mat.uasset" 754
"../../../../../../Users/Bruce/source/repos/UnrealFPS/Content/__ADDONS/HitCheck/HitCheckBP.uasset" 755
"../../../../../../Users/Bruce/source/repos/UnrealFPS/Content/Geometry/Meshes/CubeMaterial.uasset" 756
"../../../../../../Users/Bruce/source/repos/UnrealFPS/Content/Geometry/Meshes/1M_Cube.uasset" 757
"../../../../../../Users/Bruce/source/repos/UnrealFPS/Content/Geometry/Meshes/1M_Cube_Chamfer.uasset" 758
"../../../../../../Users/Bruce/source/repos/UnrealFPS/Content/Geometry/Meshes/TemplateFloor.uasset" 759
"../../../../../../Users/Bruce/source/repos/UnrealFPS/Content/ThirdPerson/Meshes/RampMaterial.uasset" 760
"../../../../../../Users/Bruce/source/repos/UnrealFPS/Content/ThirdPerson/Meshes/Bump_StaticMesh.uasset" 761
"../../../../../../Users/Bruce/source/repos/UnrealFPS/Content/ThirdPerson/Meshes/LeftArm_StaticMesh.uasset" 762
"../../../../../../Users/Bruce/source/repos/UnrealFPS/Content/ThirdPerson/Meshes/Linear_Stair_StaticMesh.uasset" 763
"../../../../../../Users/Bruce/source/repos/UnrealFPS/Content/ThirdPerson/Meshes/Ramp_StaticMesh.uasset" 764
"../../../../../../Users/Bruce/source/repos/UnrealFPS/Content/ThirdPerson/Meshes/RightArm_StaticMesh.uasset" 765
"../../../../../../Users/Bruce/source/repos/UnrealFPS/Content/ThirdPersonBP/Maps/ThirdPersonExampleMap.umap" 766
"../../../Engine/Content/Maps/Entry_BuiltData.uasset" 767
"../../../Engine/Content/Maps/Entry.umap" 768
